[rospy.client][INFO] 2025-05-07 13:05:50,915: init_node, name[/camera_processor_node_1125_1746623150870], pid[1125]
[xmlrpc][INFO] 2025-05-07 13:05:50,915: XML-RPC server binding to 0.0.0.0:0
[xmlrpc][INFO] 2025-05-07 13:05:50,916: Started XML-RPC server [http://192.168.8.249:45457/]
[rospy.init][INFO] 2025-05-07 13:05:50,917: ROS Slave URI: [http://192.168.8.249:45457/]
[rospy.impl.masterslave][INFO] 2025-05-07 13:05:50,917: _ready: http://192.168.8.249:45457/
[xmlrpc][INFO] 2025-05-07 13:05:50,926: xml rpc node: starting XML-RPC server
[rospy.registration][INFO] 2025-05-07 13:05:50,927: Registering with master node http://jetbot:11311
[rospy.init][INFO] 2025-05-07 13:05:51,018: registered with master
[rospy.rosout][INFO] 2025-05-07 13:05:51,020: initializing /rosout core topic
[rospy.rosout][INFO] 2025-05-07 13:05:51,060: connected to core topic /rosout
[rospy.simtime][INFO] 2025-05-07 13:05:51,079: /use_sim_time is not set, will not subscribe to simulated time [/clock] topic
[rosout][INFO] 2025-05-07 13:05:51,116: Initializing camera processor node...
[rospy.internal][INFO] 2025-05-07 13:05:51,210: topic[/camera/image_raw] adding connection to [http://192.168.8.179:41431/], count 0
[rosout][INFO] 2025-05-07 13:05:51,283: Processor node initialized.
[rosout][INFO] 2025-05-07 13:05:51,317: Processor node synthesis.
[rosout][INFO] 2025-05-07 13:05:51,361: PUBLISH data: 42
[rosout][INFO] 2025-05-07 13:05:51,382: Processor node synthesis.
[rosout][INFO] 2025-05-07 13:05:51,420: PUBLISH data: 42
[rosout][INFO] 2025-05-07 13:05:51,448: Processor node synthesis.
[rosout][INFO] 2025-05-07 13:05:51,485: PUBLISH data: 42
[rosout][INFO] 2025-05-07 13:05:51,511: Processor node synthesis.
[rosout][INFO] 2025-05-07 13:05:51,546: PUBLISH data: 42
[rosout][INFO] 2025-05-07 13:05:51,577: Processor node synthesis.
[rosout][INFO] 2025-05-07 13:05:51,618: PUBLISH data: 42
[rosout][INFO] 2025-05-07 13:05:51,646: Processor node synthesis.
[rosout][INFO] 2025-05-07 13:05:51,685: PUBLISH data: 42
[rosout][INFO] 2025-05-07 13:05:51,713: Processor node synthesis.
[rosout][INFO] 2025-05-07 13:05:51,755: PUBLISH data: 42
[rosout][INFO] 2025-05-07 13:05:51,782: Processor node synthesis.
[rosout][INFO] 2025-05-07 13:05:51,825: PUBLISH data: 42
[rosout][INFO] 2025-05-07 13:05:51,864: Processor node synthesis.
[rosout][INFO] 2025-05-07 13:05:51,901: PUBLISH data: 42
[rosout][INFO] 2025-05-07 13:05:51,943: Processor node synthesis.
[rosout][INFO] 2025-05-07 13:05:51,980: PUBLISH data: 42
[rosout][INFO] 2025-05-07 13:05:52,008: Processor node synthesis.
[rosout][INFO] 2025-05-07 13:05:52,075: PUBLISH data: 42
[rosout][INFO] 2025-05-07 13:05:52,101: Processor node synthesis.
[rosout][INFO] 2025-05-07 13:05:52,138: PUBLISH data: 42
[rosout][INFO] 2025-05-07 13:05:52,169: Processor node synthesis.
[rosout][INFO] 2025-05-07 13:05:52,222: PUBLISH data: 42
[rosout][INFO] 2025-05-07 13:05:52,249: Processor node synthesis.
[rosout][INFO] 2025-05-07 13:05:52,289: PUBLISH data: 42
[rosout][INFO] 2025-05-07 13:05:52,316: Processor node synthesis.
[rosout][INFO] 2025-05-07 13:05:52,358: PUBLISH data: 42
[rosout][INFO] 2025-05-07 13:05:52,385: Processor node synthesis.
[rosout][INFO] 2025-05-07 13:05:52,425: PUBLISH data: 42
[rosout][INFO] 2025-05-07 13:05:52,469: Processor node synthesis.
[rosout][INFO] 2025-05-07 13:05:52,508: PUBLISH data: 42
[rosout][INFO] 2025-05-07 13:05:52,535: Processor node synthesis.
[rosout][INFO] 2025-05-07 13:05:52,564: PUBLISH data: 42
[rosout][INFO] 2025-05-07 13:05:52,585: Processor node synthesis.
[rosout][INFO] 2025-05-07 13:05:52,626: PUBLISH data: 42
[rosout][INFO] 2025-05-07 13:05:52,649: Processor node synthesis.
[rosout][INFO] 2025-05-07 13:05:52,710: PUBLISH data: 42
[rosout][INFO] 2025-05-07 13:05:52,733: Processor node synthesis.
[rosout][INFO] 2025-05-07 13:05:52,766: PUBLISH data: 42
[rosout][INFO] 2025-05-07 13:05:52,787: Processor node synthesis.
[rosout][INFO] 2025-05-07 13:05:52,826: PUBLISH data: 42
[rosout][INFO] 2025-05-07 13:05:52,854: Processor node synthesis.
[rosout][INFO] 2025-05-07 13:05:52,893: PUBLISH data: 42
[rosout][INFO] 2025-05-07 13:05:52,919: Processor node synthesis.
[rosout][INFO] 2025-05-07 13:05:52,960: PUBLISH data: 42
[rosout][INFO] 2025-05-07 13:05:52,987: Processor node synthesis.
[rosout][INFO] 2025-05-07 13:05:53,028: PUBLISH data: 42
[rosout][INFO] 2025-05-07 13:05:53,052: Processor node synthesis.
[rosout][INFO] 2025-05-07 13:05:53,092: PUBLISH data: 42
[rosout][INFO] 2025-05-07 13:05:53,116: Processor node synthesis.
[rosout][INFO] 2025-05-07 13:05:53,164: PUBLISH data: 42
[rosout][INFO] 2025-05-07 13:05:53,189: Processor node synthesis.
[rosout][INFO] 2025-05-07 13:05:53,244: PUBLISH data: 42
[rosout][INFO] 2025-05-07 13:05:53,272: Processor node synthesis.
[rosout][INFO] 2025-05-07 13:05:53,311: PUBLISH data: 42
[rosout][INFO] 2025-05-07 13:05:53,343: Processor node synthesis.
[rosout][INFO] 2025-05-07 13:05:53,381: PUBLISH data: 42
[rosout][INFO] 2025-05-07 13:05:53,415: Processor node synthesis.
[rospy.core][INFO] 2025-05-07 13:05:53,456: signal_shutdown [signal-2]
[rospy.internal][INFO] 2025-05-07 13:05:53,502: topic[/camera/image_raw] removing connection to http://192.168.8.179:41431/
[rospy.impl.masterslave][INFO] 2025-05-07 13:05:53,503: signal-2
[rosout][INFO] 2025-05-07 13:05:53,458: PUBLISH data: 42
[rospy.core][INFO] 2025-05-07 13:05:54,071: signal_shutdown [atexit]
