[rospy.client][INFO] 2025-05-07 13:00:54,394: init_node, name[/camera_processor_node_1048_1746622854339], pid[1048]
[xmlrpc][INFO] 2025-05-07 13:00:54,395: XML-RPC server binding to 0.0.0.0:0
[xmlrpc][INFO] 2025-05-07 13:00:54,396: Started XML-RPC server [http://192.168.8.249:40825/]
[rospy.init][INFO] 2025-05-07 13:00:54,397: ROS Slave URI: [http://192.168.8.249:40825/]
[rospy.impl.masterslave][INFO] 2025-05-07 13:00:54,397: _ready: http://192.168.8.249:40825/
[xmlrpc][INFO] 2025-05-07 13:00:54,406: xml rpc node: starting XML-RPC server
[rospy.registration][INFO] 2025-05-07 13:00:54,406: Registering with master node http://jetbot:11311
[rospy.init][INFO] 2025-05-07 13:00:54,498: registered with master
[rospy.rosout][INFO] 2025-05-07 13:00:54,499: initializing /rosout core topic
[rospy.rosout][INFO] 2025-05-07 13:00:54,559: connected to core topic /rosout
[rospy.simtime][INFO] 2025-05-07 13:00:54,592: /use_sim_time is not set, will not subscribe to simulated time [/clock] topic
[rosout][INFO] 2025-05-07 13:00:54,681: Initializing camera processor node...
[rospy.internal][INFO] 2025-05-07 13:00:54,912: topic[/camera/image_raw] adding connection to [http://192.168.8.179:41431/], count 0
[rosout][INFO] 2025-05-07 13:00:55,047: Processor node initialized.
[rosout][ERROR] 2025-05-07 13:00:55,183: bad callback: <bound method CameraProcessorNode.image_cb of <__main__.CameraProcessorNode instance at 0x7feeb630e910>>
Traceback (most recent call last):
  File "/opt/ros/melodic/lib/python2.7/dist-packages/rospy/topics.py", line 750, in _invoke_callback
    cb(msg)
  File "./src/jetson_camera/src/camera_processor_node.py", line 73, in image_cb
    msg = UInt8()
NameError: global name 'UInt8' is not defined

[rosout][ERROR] 2025-05-07 13:00:55,283: bad callback: <bound method CameraProcessorNode.image_cb of <__main__.CameraProcessorNode instance at 0x7feeb630e910>>
Traceback (most recent call last):
  File "/opt/ros/melodic/lib/python2.7/dist-packages/rospy/topics.py", line 750, in _invoke_callback
    cb(msg)
  File "./src/jetson_camera/src/camera_processor_node.py", line 73, in image_cb
    msg = UInt8()
NameError: global name 'UInt8' is not defined

[rosout][ERROR] 2025-05-07 13:00:55,374: bad callback: <bound method CameraProcessorNode.image_cb of <__main__.CameraProcessorNode instance at 0x7feeb630e910>>
Traceback (most recent call last):
  File "/opt/ros/melodic/lib/python2.7/dist-packages/rospy/topics.py", line 750, in _invoke_callback
    cb(msg)
  File "./src/jetson_camera/src/camera_processor_node.py", line 73, in image_cb
    msg = UInt8()
NameError: global name 'UInt8' is not defined

[rosout][ERROR] 2025-05-07 13:00:55,482: bad callback: <bound method CameraProcessorNode.image_cb of <__main__.CameraProcessorNode instance at 0x7feeb630e910>>
Traceback (most recent call last):
  File "/opt/ros/melodic/lib/python2.7/dist-packages/rospy/topics.py", line 750, in _invoke_callback
    cb(msg)
  File "./src/jetson_camera/src/camera_processor_node.py", line 73, in image_cb
    msg = UInt8()
NameError: global name 'UInt8' is not defined

[rosout][ERROR] 2025-05-07 13:00:55,590: bad callback: <bound method CameraProcessorNode.image_cb of <__main__.CameraProcessorNode instance at 0x7feeb630e910>>
Traceback (most recent call last):
  File "/opt/ros/melodic/lib/python2.7/dist-packages/rospy/topics.py", line 750, in _invoke_callback
    cb(msg)
  File "./src/jetson_camera/src/camera_processor_node.py", line 73, in image_cb
    msg = UInt8()
NameError: global name 'UInt8' is not defined

[rosout][ERROR] 2025-05-07 13:00:55,719: bad callback: <bound method CameraProcessorNode.image_cb of <__main__.CameraProcessorNode instance at 0x7feeb630e910>>
Traceback (most recent call last):
  File "/opt/ros/melodic/lib/python2.7/dist-packages/rospy/topics.py", line 750, in _invoke_callback
    cb(msg)
  File "./src/jetson_camera/src/camera_processor_node.py", line 73, in image_cb
    msg = UInt8()
NameError: global name 'UInt8' is not defined

[rosout][ERROR] 2025-05-07 13:00:55,817: bad callback: <bound method CameraProcessorNode.image_cb of <__main__.CameraProcessorNode instance at 0x7feeb630e910>>
Traceback (most recent call last):
  File "/opt/ros/melodic/lib/python2.7/dist-packages/rospy/topics.py", line 750, in _invoke_callback
    cb(msg)
  File "./src/jetson_camera/src/camera_processor_node.py", line 73, in image_cb
    msg = UInt8()
NameError: global name 'UInt8' is not defined

[rosout][ERROR] 2025-05-07 13:00:55,916: bad callback: <bound method CameraProcessorNode.image_cb of <__main__.CameraProcessorNode instance at 0x7feeb630e910>>
Traceback (most recent call last):
  File "/opt/ros/melodic/lib/python2.7/dist-packages/rospy/topics.py", line 750, in _invoke_callback
    cb(msg)
  File "./src/jetson_camera/src/camera_processor_node.py", line 73, in image_cb
    msg = UInt8()
NameError: global name 'UInt8' is not defined

[rosout][ERROR] 2025-05-07 13:00:56,044: bad callback: <bound method CameraProcessorNode.image_cb of <__main__.CameraProcessorNode instance at 0x7feeb630e910>>
Traceback (most recent call last):
  File "/opt/ros/melodic/lib/python2.7/dist-packages/rospy/topics.py", line 750, in _invoke_callback
    cb(msg)
  File "./src/jetson_camera/src/camera_processor_node.py", line 73, in image_cb
    msg = UInt8()
NameError: global name 'UInt8' is not defined

[rosout][ERROR] 2025-05-07 13:00:56,128: bad callback: <bound method CameraProcessorNode.image_cb of <__main__.CameraProcessorNode instance at 0x7feeb630e910>>
Traceback (most recent call last):
  File "/opt/ros/melodic/lib/python2.7/dist-packages/rospy/topics.py", line 750, in _invoke_callback
    cb(msg)
  File "./src/jetson_camera/src/camera_processor_node.py", line 73, in image_cb
    msg = UInt8()
NameError: global name 'UInt8' is not defined

[rosout][ERROR] 2025-05-07 13:00:56,211: bad callback: <bound method CameraProcessorNode.image_cb of <__main__.CameraProcessorNode instance at 0x7feeb630e910>>
Traceback (most recent call last):
  File "/opt/ros/melodic/lib/python2.7/dist-packages/rospy/topics.py", line 750, in _invoke_callback
    cb(msg)
  File "./src/jetson_camera/src/camera_processor_node.py", line 73, in image_cb
    msg = UInt8()
NameError: global name 'UInt8' is not defined

[rosout][ERROR] 2025-05-07 13:00:56,273: bad callback: <bound method CameraProcessorNode.image_cb of <__main__.CameraProcessorNode instance at 0x7feeb630e910>>
Traceback (most recent call last):
  File "/opt/ros/melodic/lib/python2.7/dist-packages/rospy/topics.py", line 750, in _invoke_callback
    cb(msg)
  File "./src/jetson_camera/src/camera_processor_node.py", line 73, in image_cb
    msg = UInt8()
NameError: global name 'UInt8' is not defined

[rosout][ERROR] 2025-05-07 13:00:56,387: bad callback: <bound method CameraProcessorNode.image_cb of <__main__.CameraProcessorNode instance at 0x7feeb630e910>>
Traceback (most recent call last):
  File "/opt/ros/melodic/lib/python2.7/dist-packages/rospy/topics.py", line 750, in _invoke_callback
    cb(msg)
  File "./src/jetson_camera/src/camera_processor_node.py", line 73, in image_cb
    msg = UInt8()
NameError: global name 'UInt8' is not defined

[rosout][ERROR] 2025-05-07 13:00:56,467: bad callback: <bound method CameraProcessorNode.image_cb of <__main__.CameraProcessorNode instance at 0x7feeb630e910>>
Traceback (most recent call last):
  File "/opt/ros/melodic/lib/python2.7/dist-packages/rospy/topics.py", line 750, in _invoke_callback
    cb(msg)
  File "./src/jetson_camera/src/camera_processor_node.py", line 73, in image_cb
    msg = UInt8()
NameError: global name 'UInt8' is not defined

[rosout][ERROR] 2025-05-07 13:00:56,549: bad callback: <bound method CameraProcessorNode.image_cb of <__main__.CameraProcessorNode instance at 0x7feeb630e910>>
Traceback (most recent call last):
  File "/opt/ros/melodic/lib/python2.7/dist-packages/rospy/topics.py", line 750, in _invoke_callback
    cb(msg)
  File "./src/jetson_camera/src/camera_processor_node.py", line 73, in image_cb
    msg = UInt8()
NameError: global name 'UInt8' is not defined

[rosout][ERROR] 2025-05-07 13:00:56,659: bad callback: <bound method CameraProcessorNode.image_cb of <__main__.CameraProcessorNode instance at 0x7feeb630e910>>
Traceback (most recent call last):
  File "/opt/ros/melodic/lib/python2.7/dist-packages/rospy/topics.py", line 750, in _invoke_callback
    cb(msg)
  File "./src/jetson_camera/src/camera_processor_node.py", line 73, in image_cb
    msg = UInt8()
NameError: global name 'UInt8' is not defined

[rosout][ERROR] 2025-05-07 13:00:56,736: bad callback: <bound method CameraProcessorNode.image_cb of <__main__.CameraProcessorNode instance at 0x7feeb630e910>>
Traceback (most recent call last):
  File "/opt/ros/melodic/lib/python2.7/dist-packages/rospy/topics.py", line 750, in _invoke_callback
    cb(msg)
  File "./src/jetson_camera/src/camera_processor_node.py", line 73, in image_cb
    msg = UInt8()
NameError: global name 'UInt8' is not defined

[rosout][ERROR] 2025-05-07 13:00:56,848: bad callback: <bound method CameraProcessorNode.image_cb of <__main__.CameraProcessorNode instance at 0x7feeb630e910>>
Traceback (most recent call last):
  File "/opt/ros/melodic/lib/python2.7/dist-packages/rospy/topics.py", line 750, in _invoke_callback
    cb(msg)
  File "./src/jetson_camera/src/camera_processor_node.py", line 73, in image_cb
    msg = UInt8()
NameError: global name 'UInt8' is not defined

[rosout][ERROR] 2025-05-07 13:00:56,961: bad callback: <bound method CameraProcessorNode.image_cb of <__main__.CameraProcessorNode instance at 0x7feeb630e910>>
Traceback (most recent call last):
  File "/opt/ros/melodic/lib/python2.7/dist-packages/rospy/topics.py", line 750, in _invoke_callback
    cb(msg)
  File "./src/jetson_camera/src/camera_processor_node.py", line 73, in image_cb
    msg = UInt8()
NameError: global name 'UInt8' is not defined

[rosout][ERROR] 2025-05-07 13:00:57,049: bad callback: <bound method CameraProcessorNode.image_cb of <__main__.CameraProcessorNode instance at 0x7feeb630e910>>
Traceback (most recent call last):
  File "/opt/ros/melodic/lib/python2.7/dist-packages/rospy/topics.py", line 750, in _invoke_callback
    cb(msg)
  File "./src/jetson_camera/src/camera_processor_node.py", line 73, in image_cb
    msg = UInt8()
NameError: global name 'UInt8' is not defined

[rosout][ERROR] 2025-05-07 13:00:57,155: bad callback: <bound method CameraProcessorNode.image_cb of <__main__.CameraProcessorNode instance at 0x7feeb630e910>>
Traceback (most recent call last):
  File "/opt/ros/melodic/lib/python2.7/dist-packages/rospy/topics.py", line 750, in _invoke_callback
    cb(msg)
  File "./src/jetson_camera/src/camera_processor_node.py", line 73, in image_cb
    msg = UInt8()
NameError: global name 'UInt8' is not defined

[rosout][ERROR] 2025-05-07 13:00:57,251: bad callback: <bound method CameraProcessorNode.image_cb of <__main__.CameraProcessorNode instance at 0x7feeb630e910>>
Traceback (most recent call last):
  File "/opt/ros/melodic/lib/python2.7/dist-packages/rospy/topics.py", line 750, in _invoke_callback
    cb(msg)
  File "./src/jetson_camera/src/camera_processor_node.py", line 73, in image_cb
    msg = UInt8()
NameError: global name 'UInt8' is not defined

[rosout][ERROR] 2025-05-07 13:00:57,392: bad callback: <bound method CameraProcessorNode.image_cb of <__main__.CameraProcessorNode instance at 0x7feeb630e910>>
Traceback (most recent call last):
  File "/opt/ros/melodic/lib/python2.7/dist-packages/rospy/topics.py", line 750, in _invoke_callback
    cb(msg)
  File "./src/jetson_camera/src/camera_processor_node.py", line 73, in image_cb
    msg = UInt8()
NameError: global name 'UInt8' is not defined

[rosout][ERROR] 2025-05-07 13:00:57,495: bad callback: <bound method CameraProcessorNode.image_cb of <__main__.CameraProcessorNode instance at 0x7feeb630e910>>
Traceback (most recent call last):
  File "/opt/ros/melodic/lib/python2.7/dist-packages/rospy/topics.py", line 750, in _invoke_callback
    cb(msg)
  File "./src/jetson_camera/src/camera_processor_node.py", line 73, in image_cb
    msg = UInt8()
NameError: global name 'UInt8' is not defined

[rosout][ERROR] 2025-05-07 13:00:57,598: bad callback: <bound method CameraProcessorNode.image_cb of <__main__.CameraProcessorNode instance at 0x7feeb630e910>>
Traceback (most recent call last):
  File "/opt/ros/melodic/lib/python2.7/dist-packages/rospy/topics.py", line 750, in _invoke_callback
    cb(msg)
  File "./src/jetson_camera/src/camera_processor_node.py", line 73, in image_cb
    msg = UInt8()
NameError: global name 'UInt8' is not defined

[rosout][ERROR] 2025-05-07 13:00:57,682: bad callback: <bound method CameraProcessorNode.image_cb of <__main__.CameraProcessorNode instance at 0x7feeb630e910>>
Traceback (most recent call last):
  File "/opt/ros/melodic/lib/python2.7/dist-packages/rospy/topics.py", line 750, in _invoke_callback
    cb(msg)
  File "./src/jetson_camera/src/camera_processor_node.py", line 73, in image_cb
    msg = UInt8()
NameError: global name 'UInt8' is not defined

[rosout][ERROR] 2025-05-07 13:00:57,755: bad callback: <bound method CameraProcessorNode.image_cb of <__main__.CameraProcessorNode instance at 0x7feeb630e910>>
Traceback (most recent call last):
  File "/opt/ros/melodic/lib/python2.7/dist-packages/rospy/topics.py", line 750, in _invoke_callback
    cb(msg)
  File "./src/jetson_camera/src/camera_processor_node.py", line 73, in image_cb
    msg = UInt8()
NameError: global name 'UInt8' is not defined

[rosout][ERROR] 2025-05-07 13:00:57,863: bad callback: <bound method CameraProcessorNode.image_cb of <__main__.CameraProcessorNode instance at 0x7feeb630e910>>
Traceback (most recent call last):
  File "/opt/ros/melodic/lib/python2.7/dist-packages/rospy/topics.py", line 750, in _invoke_callback
    cb(msg)
  File "./src/jetson_camera/src/camera_processor_node.py", line 73, in image_cb
    msg = UInt8()
NameError: global name 'UInt8' is not defined

[rosout][ERROR] 2025-05-07 13:00:57,933: bad callback: <bound method CameraProcessorNode.image_cb of <__main__.CameraProcessorNode instance at 0x7feeb630e910>>
Traceback (most recent call last):
  File "/opt/ros/melodic/lib/python2.7/dist-packages/rospy/topics.py", line 750, in _invoke_callback
    cb(msg)
  File "./src/jetson_camera/src/camera_processor_node.py", line 73, in image_cb
    msg = UInt8()
NameError: global name 'UInt8' is not defined

[rosout][ERROR] 2025-05-07 13:00:58,012: bad callback: <bound method CameraProcessorNode.image_cb of <__main__.CameraProcessorNode instance at 0x7feeb630e910>>
Traceback (most recent call last):
  File "/opt/ros/melodic/lib/python2.7/dist-packages/rospy/topics.py", line 750, in _invoke_callback
    cb(msg)
  File "./src/jetson_camera/src/camera_processor_node.py", line 73, in image_cb
    msg = UInt8()
NameError: global name 'UInt8' is not defined

[rosout][ERROR] 2025-05-07 13:00:58,081: bad callback: <bound method CameraProcessorNode.image_cb of <__main__.CameraProcessorNode instance at 0x7feeb630e910>>
Traceback (most recent call last):
  File "/opt/ros/melodic/lib/python2.7/dist-packages/rospy/topics.py", line 750, in _invoke_callback
    cb(msg)
  File "./src/jetson_camera/src/camera_processor_node.py", line 73, in image_cb
    msg = UInt8()
NameError: global name 'UInt8' is not defined

[rosout][ERROR] 2025-05-07 13:00:58,152: bad callback: <bound method CameraProcessorNode.image_cb of <__main__.CameraProcessorNode instance at 0x7feeb630e910>>
Traceback (most recent call last):
  File "/opt/ros/melodic/lib/python2.7/dist-packages/rospy/topics.py", line 750, in _invoke_callback
    cb(msg)
  File "./src/jetson_camera/src/camera_processor_node.py", line 73, in image_cb
    msg = UInt8()
NameError: global name 'UInt8' is not defined

[rosout][ERROR] 2025-05-07 13:00:58,280: bad callback: <bound method CameraProcessorNode.image_cb of <__main__.CameraProcessorNode instance at 0x7feeb630e910>>
Traceback (most recent call last):
  File "/opt/ros/melodic/lib/python2.7/dist-packages/rospy/topics.py", line 750, in _invoke_callback
    cb(msg)
  File "./src/jetson_camera/src/camera_processor_node.py", line 73, in image_cb
    msg = UInt8()
NameError: global name 'UInt8' is not defined

[rosout][ERROR] 2025-05-07 13:00:58,371: bad callback: <bound method CameraProcessorNode.image_cb of <__main__.CameraProcessorNode instance at 0x7feeb630e910>>
Traceback (most recent call last):
  File "/opt/ros/melodic/lib/python2.7/dist-packages/rospy/topics.py", line 750, in _invoke_callback
    cb(msg)
  File "./src/jetson_camera/src/camera_processor_node.py", line 73, in image_cb
    msg = UInt8()
NameError: global name 'UInt8' is not defined

[rosout][ERROR] 2025-05-07 13:00:58,431: bad callback: <bound method CameraProcessorNode.image_cb of <__main__.CameraProcessorNode instance at 0x7feeb630e910>>
Traceback (most recent call last):
  File "/opt/ros/melodic/lib/python2.7/dist-packages/rospy/topics.py", line 750, in _invoke_callback
    cb(msg)
  File "./src/jetson_camera/src/camera_processor_node.py", line 73, in image_cb
    msg = UInt8()
NameError: global name 'UInt8' is not defined

[rosout][ERROR] 2025-05-07 13:00:58,500: bad callback: <bound method CameraProcessorNode.image_cb of <__main__.CameraProcessorNode instance at 0x7feeb630e910>>
Traceback (most recent call last):
  File "/opt/ros/melodic/lib/python2.7/dist-packages/rospy/topics.py", line 750, in _invoke_callback
    cb(msg)
  File "./src/jetson_camera/src/camera_processor_node.py", line 73, in image_cb
    msg = UInt8()
NameError: global name 'UInt8' is not defined

[rosout][ERROR] 2025-05-07 13:00:58,596: bad callback: <bound method CameraProcessorNode.image_cb of <__main__.CameraProcessorNode instance at 0x7feeb630e910>>
Traceback (most recent call last):
  File "/opt/ros/melodic/lib/python2.7/dist-packages/rospy/topics.py", line 750, in _invoke_callback
    cb(msg)
  File "./src/jetson_camera/src/camera_processor_node.py", line 73, in image_cb
    msg = UInt8()
NameError: global name 'UInt8' is not defined

[rosout][ERROR] 2025-05-07 13:00:58,672: bad callback: <bound method CameraProcessorNode.image_cb of <__main__.CameraProcessorNode instance at 0x7feeb630e910>>
Traceback (most recent call last):
  File "/opt/ros/melodic/lib/python2.7/dist-packages/rospy/topics.py", line 750, in _invoke_callback
    cb(msg)
  File "./src/jetson_camera/src/camera_processor_node.py", line 73, in image_cb
    msg = UInt8()
NameError: global name 'UInt8' is not defined

[rosout][ERROR] 2025-05-07 13:00:58,764: bad callback: <bound method CameraProcessorNode.image_cb of <__main__.CameraProcessorNode instance at 0x7feeb630e910>>
Traceback (most recent call last):
  File "/opt/ros/melodic/lib/python2.7/dist-packages/rospy/topics.py", line 750, in _invoke_callback
    cb(msg)
  File "./src/jetson_camera/src/camera_processor_node.py", line 73, in image_cb
    msg = UInt8()
NameError: global name 'UInt8' is not defined

[rosout][ERROR] 2025-05-07 13:00:58,873: bad callback: <bound method CameraProcessorNode.image_cb of <__main__.CameraProcessorNode instance at 0x7feeb630e910>>
Traceback (most recent call last):
  File "/opt/ros/melodic/lib/python2.7/dist-packages/rospy/topics.py", line 750, in _invoke_callback
    cb(msg)
  File "./src/jetson_camera/src/camera_processor_node.py", line 73, in image_cb
    msg = UInt8()
NameError: global name 'UInt8' is not defined

[rosout][ERROR] 2025-05-07 13:00:59,013: bad callback: <bound method CameraProcessorNode.image_cb of <__main__.CameraProcessorNode instance at 0x7feeb630e910>>
Traceback (most recent call last):
  File "/opt/ros/melodic/lib/python2.7/dist-packages/rospy/topics.py", line 750, in _invoke_callback
    cb(msg)
  File "./src/jetson_camera/src/camera_processor_node.py", line 73, in image_cb
    msg = UInt8()
NameError: global name 'UInt8' is not defined

[rosout][ERROR] 2025-05-07 13:00:59,115: bad callback: <bound method CameraProcessorNode.image_cb of <__main__.CameraProcessorNode instance at 0x7feeb630e910>>
Traceback (most recent call last):
  File "/opt/ros/melodic/lib/python2.7/dist-packages/rospy/topics.py", line 750, in _invoke_callback
    cb(msg)
  File "./src/jetson_camera/src/camera_processor_node.py", line 73, in image_cb
    msg = UInt8()
NameError: global name 'UInt8' is not defined

[rosout][ERROR] 2025-05-07 13:00:59,190: bad callback: <bound method CameraProcessorNode.image_cb of <__main__.CameraProcessorNode instance at 0x7feeb630e910>>
Traceback (most recent call last):
  File "/opt/ros/melodic/lib/python2.7/dist-packages/rospy/topics.py", line 750, in _invoke_callback
    cb(msg)
  File "./src/jetson_camera/src/camera_processor_node.py", line 73, in image_cb
    msg = UInt8()
NameError: global name 'UInt8' is not defined

[rosout][ERROR] 2025-05-07 13:00:59,242: bad callback: <bound method CameraProcessorNode.image_cb of <__main__.CameraProcessorNode instance at 0x7feeb630e910>>
Traceback (most recent call last):
  File "/opt/ros/melodic/lib/python2.7/dist-packages/rospy/topics.py", line 750, in _invoke_callback
    cb(msg)
  File "./src/jetson_camera/src/camera_processor_node.py", line 73, in image_cb
    msg = UInt8()
NameError: global name 'UInt8' is not defined

[rosout][ERROR] 2025-05-07 13:00:59,366: bad callback: <bound method CameraProcessorNode.image_cb of <__main__.CameraProcessorNode instance at 0x7feeb630e910>>
Traceback (most recent call last):
  File "/opt/ros/melodic/lib/python2.7/dist-packages/rospy/topics.py", line 750, in _invoke_callback
    cb(msg)
  File "./src/jetson_camera/src/camera_processor_node.py", line 73, in image_cb
    msg = UInt8()
NameError: global name 'UInt8' is not defined

[rosout][ERROR] 2025-05-07 13:00:59,438: bad callback: <bound method CameraProcessorNode.image_cb of <__main__.CameraProcessorNode instance at 0x7feeb630e910>>
Traceback (most recent call last):
  File "/opt/ros/melodic/lib/python2.7/dist-packages/rospy/topics.py", line 750, in _invoke_callback
    cb(msg)
  File "./src/jetson_camera/src/camera_processor_node.py", line 73, in image_cb
    msg = UInt8()
NameError: global name 'UInt8' is not defined

[rosout][ERROR] 2025-05-07 13:00:59,537: bad callback: <bound method CameraProcessorNode.image_cb of <__main__.CameraProcessorNode instance at 0x7feeb630e910>>
Traceback (most recent call last):
  File "/opt/ros/melodic/lib/python2.7/dist-packages/rospy/topics.py", line 750, in _invoke_callback
    cb(msg)
  File "./src/jetson_camera/src/camera_processor_node.py", line 73, in image_cb
    msg = UInt8()
NameError: global name 'UInt8' is not defined

[rospy.core][INFO] 2025-05-07 13:00:59,668: signal_shutdown [signal-2]
[rosout][ERROR] 2025-05-07 13:00:59,621: bad callback: <bound method CameraProcessorNode.image_cb of <__main__.CameraProcessorNode instance at 0x7feeb630e910>>
Traceback (most recent call last):
  File "/opt/ros/melodic/lib/python2.7/dist-packages/rospy/topics.py", line 750, in _invoke_callback
    cb(msg)
  File "./src/jetson_camera/src/camera_processor_node.py", line 73, in image_cb
    msg = UInt8()
NameError: global name 'UInt8' is not defined

[rospy.internal][INFO] 2025-05-07 13:00:59,766: topic[/camera/image_raw] removing connection to http://192.168.8.179:41431/
[rospy.impl.masterslave][INFO] 2025-05-07 13:00:59,766: signal-2
[rosout][ERROR] 2025-05-07 13:00:59,695: bad callback: <bound method CameraProcessorNode.image_cb of <__main__.CameraProcessorNode instance at 0x7feeb630e910>>
Traceback (most recent call last):
  File "/opt/ros/melodic/lib/python2.7/dist-packages/rospy/topics.py", line 750, in _invoke_callback
    cb(msg)
  File "./src/jetson_camera/src/camera_processor_node.py", line 73, in image_cb
    msg = UInt8()
NameError: global name 'UInt8' is not defined

[rospy.core][INFO] 2025-05-07 13:01:00,333: signal_shutdown [atexit]
