[rospy.client][INFO] 2025-05-07 13:06:40,306: init_node, name[/camera_processor_node_1154_1746623200261], pid[1154]
[xmlrpc][INFO] 2025-05-07 13:06:40,307: XML-RPC server binding to 0.0.0.0:0
[xmlrpc][INFO] 2025-05-07 13:06:40,308: Started XML-RPC server [http://192.168.8.249:44713/]
[rospy.init][INFO] 2025-05-07 13:06:40,308: ROS Slave URI: [http://192.168.8.249:44713/]
[rospy.impl.masterslave][INFO] 2025-05-07 13:06:40,308: _ready: http://192.168.8.249:44713/
[rospy.registration][INFO] 2025-05-07 13:06:40,318: Registering with master node http://jetbot:11311
[xmlrpc][INFO] 2025-05-07 13:06:40,318: xml rpc node: starting XML-RPC server
[rospy.init][INFO] 2025-05-07 13:06:40,409: registered with master
[rospy.rosout][INFO] 2025-05-07 13:06:40,412: initializing /rosout core topic
[rospy.rosout][INFO] 2025-05-07 13:06:40,458: connected to core topic /rosout
[rospy.simtime][INFO] 2025-05-07 13:06:40,476: /use_sim_time is not set, will not subscribe to simulated time [/clock] topic
[rosout][INFO] 2025-05-07 13:06:40,522: Initializing camera processor node...
[rospy.internal][INFO] 2025-05-07 13:06:40,618: topic[/camera/image_raw] adding connection to [http://192.168.8.179:41431/], count 0
[rosout][INFO] 2025-05-07 13:06:40,718: Processor node initialized.
[rosout][INFO] 2025-05-07 13:06:40,773: Processor node synthesis.
[rosout][INFO] 2025-05-07 13:06:40,830: PUBLISH data: 42
[rosout][INFO] 2025-05-07 13:06:40,850: Processor node synthesis.
[rosout][INFO] 2025-05-07 13:06:40,896: PUBLISH data: 42
[rosout][INFO] 2025-05-07 13:06:40,921: Processor node synthesis.
[rosout][INFO] 2025-05-07 13:06:40,958: PUBLISH data: 42
[rosout][INFO] 2025-05-07 13:06:40,985: Processor node synthesis.
[rosout][INFO] 2025-05-07 13:06:41,023: PUBLISH data: 42
[rosout][INFO] 2025-05-07 13:06:41,047: Processor node synthesis.
[rosout][INFO] 2025-05-07 13:06:41,107: PUBLISH data: 42
[rosout][INFO] 2025-05-07 13:06:41,149: Processor node synthesis.
[rosout][INFO] 2025-05-07 13:06:41,192: PUBLISH data: 42
[rosout][INFO] 2025-05-07 13:06:41,213: Processor node synthesis.
[rosout][INFO] 2025-05-07 13:06:41,262: PUBLISH data: 42
[rosout][INFO] 2025-05-07 13:06:41,282: Processor node synthesis.
[rosout][INFO] 2025-05-07 13:06:41,337: PUBLISH data: 42
[rosout][INFO] 2025-05-07 13:06:41,362: Processor node synthesis.
[rosout][INFO] 2025-05-07 13:06:41,395: PUBLISH data: 42
[rosout][INFO] 2025-05-07 13:06:41,418: Processor node synthesis.
[rosout][INFO] 2025-05-07 13:06:41,456: PUBLISH data: 42
[rosout][INFO] 2025-05-07 13:06:41,479: Processor node synthesis.
[rosout][INFO] 2025-05-07 13:06:41,522: PUBLISH data: 42
[rosout][INFO] 2025-05-07 13:06:41,545: Processor node synthesis.
[rosout][INFO] 2025-05-07 13:06:41,583: PUBLISH data: 42
[rosout][INFO] 2025-05-07 13:06:41,611: Processor node synthesis.
[rosout][INFO] 2025-05-07 13:06:41,649: PUBLISH data: 42
[rosout][INFO] 2025-05-07 13:06:41,677: Processor node synthesis.
[rosout][INFO] 2025-05-07 13:06:41,718: PUBLISH data: 42
[rosout][INFO] 2025-05-07 13:06:41,744: Processor node synthesis.
[rosout][INFO] 2025-05-07 13:06:41,796: PUBLISH data: 42
[rosout][INFO] 2025-05-07 13:06:41,819: Processor node synthesis.
[rosout][INFO] 2025-05-07 13:06:41,856: PUBLISH data: 42
[rosout][INFO] 2025-05-07 13:06:41,883: Processor node synthesis.
[rosout][INFO] 2025-05-07 13:06:41,920: PUBLISH data: 42
[rosout][INFO] 2025-05-07 13:06:41,944: Processor node synthesis.
[rosout][INFO] 2025-05-07 13:06:41,983: PUBLISH data: 42
[rosout][INFO] 2025-05-07 13:06:42,011: Processor node synthesis.
[rosout][INFO] 2025-05-07 13:06:42,048: PUBLISH data: 42
[rosout][INFO] 2025-05-07 13:06:42,075: Processor node synthesis.
[rosout][INFO] 2025-05-07 13:06:42,108: PUBLISH data: 42
[rosout][INFO] 2025-05-07 13:06:42,129: Processor node synthesis.
[rosout][INFO] 2025-05-07 13:06:42,159: PUBLISH data: 42
[rosout][INFO] 2025-05-07 13:06:42,182: Processor node synthesis.
[rosout][INFO] 2025-05-07 13:06:42,222: PUBLISH data: 42
[rosout][INFO] 2025-05-07 13:06:42,246: Processor node synthesis.
[rosout][INFO] 2025-05-07 13:06:42,286: PUBLISH data: 42
[rosout][INFO] 2025-05-07 13:06:42,312: Processor node synthesis.
[rosout][INFO] 2025-05-07 13:06:42,358: PUBLISH data: 42
[rosout][INFO] 2025-05-07 13:06:42,381: Processor node synthesis.
[rosout][INFO] 2025-05-07 13:06:42,422: PUBLISH data: 42
[rosout][INFO] 2025-05-07 13:06:42,449: Processor node synthesis.
[rosout][INFO] 2025-05-07 13:06:42,500: PUBLISH data: 42
[rosout][INFO] 2025-05-07 13:06:42,518: Processor node synthesis.
[rosout][INFO] 2025-05-07 13:06:42,557: PUBLISH data: 42
[rosout][INFO] 2025-05-07 13:06:42,579: Processor node synthesis.
[rosout][INFO] 2025-05-07 13:06:42,617: PUBLISH data: 42
[rosout][INFO] 2025-05-07 13:06:42,651: Processor node synthesis.
[rosout][INFO] 2025-05-07 13:06:42,684: PUBLISH data: 42
[rosout][INFO] 2025-05-07 13:06:42,710: Processor node synthesis.
[rosout][INFO] 2025-05-07 13:06:42,753: PUBLISH data: 42
[rosout][INFO] 2025-05-07 13:06:42,776: Processor node synthesis.
[rosout][INFO] 2025-05-07 13:06:42,816: PUBLISH data: 42
[rosout][INFO] 2025-05-07 13:06:42,846: Processor node synthesis.
[rosout][INFO] 2025-05-07 13:06:42,885: PUBLISH data: 42
[rosout][INFO] 2025-05-07 13:06:42,914: Processor node synthesis.
[rosout][INFO] 2025-05-07 13:06:42,955: PUBLISH data: 42
[rosout][INFO] 2025-05-07 13:06:42,999: Processor node synthesis.
[rosout][INFO] 2025-05-07 13:06:43,036: PUBLISH data: 42
[rosout][INFO] 2025-05-07 13:06:43,054: Processor node synthesis.
[rosout][INFO] 2025-05-07 13:06:43,094: PUBLISH data: 42
[rosout][INFO] 2025-05-07 13:06:43,115: Processor node synthesis.
[rosout][INFO] 2025-05-07 13:06:43,151: PUBLISH data: 42
[rosout][INFO] 2025-05-07 13:06:43,179: Processor node synthesis.
[rosout][INFO] 2025-05-07 13:06:43,217: PUBLISH data: 42
[rosout][INFO] 2025-05-07 13:06:43,247: Processor node synthesis.
[rosout][INFO] 2025-05-07 13:06:43,288: PUBLISH data: 42
[rosout][INFO] 2025-05-07 13:06:43,315: Processor node synthesis.
[rosout][INFO] 2025-05-07 13:06:43,352: PUBLISH data: 42
[rosout][INFO] 2025-05-07 13:06:43,381: Processor node synthesis.
[rosout][INFO] 2025-05-07 13:06:43,418: PUBLISH data: 42
[rosout][INFO] 2025-05-07 13:06:43,445: Processor node synthesis.
[rosout][INFO] 2025-05-07 13:06:43,487: PUBLISH data: 42
[rosout][INFO] 2025-05-07 13:06:43,510: Processor node synthesis.
[rosout][INFO] 2025-05-07 13:06:43,550: PUBLISH data: 42
[rosout][INFO] 2025-05-07 13:06:43,578: Processor node synthesis.
[rosout][INFO] 2025-05-07 13:06:43,621: PUBLISH data: 42
[rosout][INFO] 2025-05-07 13:06:43,649: Processor node synthesis.
[rosout][INFO] 2025-05-07 13:06:43,698: PUBLISH data: 42
[rosout][INFO] 2025-05-07 13:06:43,719: Processor node synthesis.
[rosout][INFO] 2025-05-07 13:06:43,757: PUBLISH data: 42
[rosout][INFO] 2025-05-07 13:06:43,779: Processor node synthesis.
[rosout][INFO] 2025-05-07 13:06:43,814: PUBLISH data: 42
[rosout][INFO] 2025-05-07 13:06:43,842: Processor node synthesis.
[rosout][INFO] 2025-05-07 13:06:43,878: PUBLISH data: 42
[rosout][INFO] 2025-05-07 13:06:43,911: Processor node synthesis.
[rosout][INFO] 2025-05-07 13:06:43,949: PUBLISH data: 42
[rosout][INFO] 2025-05-07 13:06:43,976: Processor node synthesis.
[rosout][INFO] 2025-05-07 13:06:44,014: PUBLISH data: 42
[rosout][INFO] 2025-05-07 13:06:44,047: Processor node synthesis.
[rosout][INFO] 2025-05-07 13:06:44,089: PUBLISH data: 42
[rosout][INFO] 2025-05-07 13:06:44,110: Processor node synthesis.
[rosout][INFO] 2025-05-07 13:06:44,148: PUBLISH data: 42
[rosout][INFO] 2025-05-07 13:06:44,174: Processor node synthesis.
[rosout][INFO] 2025-05-07 13:06:44,212: PUBLISH data: 42
[rosout][INFO] 2025-05-07 13:06:44,242: Processor node synthesis.
[rosout][INFO] 2025-05-07 13:06:44,271: PUBLISH data: 42
[rosout][INFO] 2025-05-07 13:06:44,324: Processor node synthesis.
[rosout][INFO] 2025-05-07 13:06:44,357: PUBLISH data: 42
[rosout][INFO] 2025-05-07 13:06:44,382: Processor node synthesis.
[rosout][INFO] 2025-05-07 13:06:44,421: PUBLISH data: 42
[rosout][INFO] 2025-05-07 13:06:44,448: Processor node synthesis.
[rosout][INFO] 2025-05-07 13:06:44,485: PUBLISH data: 42
[rosout][INFO] 2025-05-07 13:06:44,515: Processor node synthesis.
[rosout][INFO] 2025-05-07 13:06:44,552: PUBLISH data: 42
[rosout][INFO] 2025-05-07 13:06:44,585: Processor node synthesis.
[rosout][INFO] 2025-05-07 13:06:44,624: PUBLISH data: 42
[rosout][INFO] 2025-05-07 13:06:44,647: Processor node synthesis.
[rosout][INFO] 2025-05-07 13:06:44,685: PUBLISH data: 42
[rosout][INFO] 2025-05-07 13:06:44,715: Processor node synthesis.
[rosout][INFO] 2025-05-07 13:06:44,757: PUBLISH data: 42
[rosout][INFO] 2025-05-07 13:06:44,783: Processor node synthesis.
[rosout][INFO] 2025-05-07 13:06:44,819: PUBLISH data: 42
[rosout][INFO] 2025-05-07 13:06:44,844: Processor node synthesis.
[rosout][INFO] 2025-05-07 13:06:44,884: PUBLISH data: 42
[rosout][INFO] 2025-05-07 13:06:44,945: Processor node synthesis.
[rosout][INFO] 2025-05-07 13:06:44,991: PUBLISH data: 42
[rosout][INFO] 2025-05-07 13:06:45,014: Processor node synthesis.
[rosout][INFO] 2025-05-07 13:06:45,052: PUBLISH data: 42
[rosout][INFO] 2025-05-07 13:06:45,077: Processor node synthesis.
[rosout][INFO] 2025-05-07 13:06:45,119: PUBLISH data: 42
[rosout][INFO] 2025-05-07 13:06:45,155: Processor node synthesis.
[rosout][INFO] 2025-05-07 13:06:45,188: PUBLISH data: 42
[rosout][INFO] 2025-05-07 13:06:45,212: Processor node synthesis.
[rosout][INFO] 2025-05-07 13:06:45,254: PUBLISH data: 42
[rosout][INFO] 2025-05-07 13:06:45,285: Processor node synthesis.
[rosout][INFO] 2025-05-07 13:06:45,320: PUBLISH data: 42
[rosout][INFO] 2025-05-07 13:06:45,345: Processor node synthesis.
[rosout][INFO] 2025-05-07 13:06:45,383: PUBLISH data: 42
[rosout][INFO] 2025-05-07 13:06:45,413: Processor node synthesis.
[rosout][INFO] 2025-05-07 13:06:45,451: PUBLISH data: 42
[rosout][INFO] 2025-05-07 13:06:45,481: Processor node synthesis.
[rosout][INFO] 2025-05-07 13:06:45,522: PUBLISH data: 42
[rosout][INFO] 2025-05-07 13:06:45,546: Processor node synthesis.
[rosout][INFO] 2025-05-07 13:06:45,584: PUBLISH data: 42
[rosout][INFO] 2025-05-07 13:06:45,614: Processor node synthesis.
[rosout][INFO] 2025-05-07 13:06:45,657: PUBLISH data: 42
[rosout][INFO] 2025-05-07 13:06:45,685: Processor node synthesis.
[rosout][INFO] 2025-05-07 13:06:45,722: PUBLISH data: 42
[rosout][INFO] 2025-05-07 13:06:45,748: Processor node synthesis.
[rosout][INFO] 2025-05-07 13:06:45,785: PUBLISH data: 42
[rosout][INFO] 2025-05-07 13:06:45,819: Processor node synthesis.
[rosout][INFO] 2025-05-07 13:06:45,856: PUBLISH data: 42
[rosout][INFO] 2025-05-07 13:06:45,884: Processor node synthesis.
[rosout][INFO] 2025-05-07 13:06:45,945: PUBLISH data: 42
[rosout][INFO] 2025-05-07 13:06:45,969: Processor node synthesis.
[rosout][INFO] 2025-05-07 13:06:45,998: PUBLISH data: 42
[rosout][INFO] 2025-05-07 13:06:46,017: Processor node synthesis.
[rosout][INFO] 2025-05-07 13:06:46,054: PUBLISH data: 42
[rosout][INFO] 2025-05-07 13:06:46,081: Processor node synthesis.
[rosout][INFO] 2025-05-07 13:06:46,119: PUBLISH data: 42
[rosout][INFO] 2025-05-07 13:06:46,146: Processor node synthesis.
[rosout][INFO] 2025-05-07 13:06:46,182: PUBLISH data: 42
[rosout][INFO] 2025-05-07 13:06:46,209: Processor node synthesis.
[rosout][INFO] 2025-05-07 13:06:46,246: PUBLISH data: 42
[rosout][INFO] 2025-05-07 13:06:46,286: Processor node synthesis.
[rosout][INFO] 2025-05-07 13:06:46,328: PUBLISH data: 42
[rosout][INFO] 2025-05-07 13:06:46,347: Processor node synthesis.
[rosout][INFO] 2025-05-07 13:06:46,385: PUBLISH data: 42
[rosout][INFO] 2025-05-07 13:06:46,417: Processor node synthesis.
[rosout][INFO] 2025-05-07 13:06:46,454: PUBLISH data: 42
[rosout][INFO] 2025-05-07 13:06:46,483: Processor node synthesis.
[rosout][INFO] 2025-05-07 13:06:46,524: PUBLISH data: 42
[rosout][INFO] 2025-05-07 13:06:46,545: Processor node synthesis.
[rosout][INFO] 2025-05-07 13:06:46,584: PUBLISH data: 42
[rosout][INFO] 2025-05-07 13:06:46,612: Processor node synthesis.
[rosout][INFO] 2025-05-07 13:06:46,651: PUBLISH data: 42
[rosout][INFO] 2025-05-07 13:06:46,678: Processor node synthesis.
[rosout][INFO] 2025-05-07 13:06:46,716: PUBLISH data: 42
[rosout][INFO] 2025-05-07 13:06:46,743: Processor node synthesis.
[rosout][INFO] 2025-05-07 13:06:46,782: PUBLISH data: 42
[rosout][INFO] 2025-05-07 13:06:46,810: Processor node synthesis.
[rosout][INFO] 2025-05-07 13:06:46,849: PUBLISH data: 42
[rosout][INFO] 2025-05-07 13:06:46,876: Processor node synthesis.
[rosout][INFO] 2025-05-07 13:06:46,927: PUBLISH data: 42
[rosout][INFO] 2025-05-07 13:06:46,950: Processor node synthesis.
[rosout][INFO] 2025-05-07 13:06:46,989: PUBLISH data: 42
[rosout][INFO] 2025-05-07 13:06:47,015: Processor node synthesis.
[rosout][INFO] 2025-05-07 13:06:47,055: PUBLISH data: 42
[rosout][INFO] 2025-05-07 13:06:47,080: Processor node synthesis.
[rosout][INFO] 2025-05-07 13:06:47,130: PUBLISH data: 42
[rosout][INFO] 2025-05-07 13:06:47,173: Processor node synthesis.
[rosout][INFO] 2025-05-07 13:06:47,205: PUBLISH data: 42
[rosout][INFO] 2025-05-07 13:06:47,225: Processor node synthesis.
[rosout][INFO] 2025-05-07 13:06:47,255: PUBLISH data: 42
[rosout][INFO] 2025-05-07 13:06:47,279: Processor node synthesis.
[rosout][INFO] 2025-05-07 13:06:47,316: PUBLISH data: 42
[rosout][INFO] 2025-05-07 13:06:47,347: Processor node synthesis.
[rosout][INFO] 2025-05-07 13:06:47,386: PUBLISH data: 42
[rosout][INFO] 2025-05-07 13:06:47,416: Processor node synthesis.
[rosout][INFO] 2025-05-07 13:06:47,458: PUBLISH data: 42
[rosout][INFO] 2025-05-07 13:06:47,481: Processor node synthesis.
[rosout][INFO] 2025-05-07 13:06:47,527: PUBLISH data: 42
[rosout][INFO] 2025-05-07 13:06:47,577: Processor node synthesis.
[rosout][INFO] 2025-05-07 13:06:47,612: PUBLISH data: 42
[rosout][INFO] 2025-05-07 13:06:47,640: Processor node synthesis.
[rosout][INFO] 2025-05-07 13:06:47,678: PUBLISH data: 42
[rosout][INFO] 2025-05-07 13:06:47,707: Processor node synthesis.
[rosout][INFO] 2025-05-07 13:06:47,746: PUBLISH data: 42
[rosout][INFO] 2025-05-07 13:06:47,776: Processor node synthesis.
[rosout][INFO] 2025-05-07 13:06:47,811: PUBLISH data: 42
[rosout][INFO] 2025-05-07 13:06:47,835: Processor node synthesis.
[rosout][INFO] 2025-05-07 13:06:47,864: PUBLISH data: 42
[rosout][INFO] 2025-05-07 13:06:47,883: Processor node synthesis.
[rosout][INFO] 2025-05-07 13:06:47,920: PUBLISH data: 42
[rosout][INFO] 2025-05-07 13:06:47,945: Processor node synthesis.
[rosout][INFO] 2025-05-07 13:06:47,983: PUBLISH data: 42
[rosout][INFO] 2025-05-07 13:06:48,011: Processor node synthesis.
[rosout][INFO] 2025-05-07 13:06:48,053: PUBLISH data: 42
[rosout][INFO] 2025-05-07 13:06:48,081: Processor node synthesis.
[rosout][INFO] 2025-05-07 13:06:48,121: PUBLISH data: 42
[rosout][INFO] 2025-05-07 13:06:48,156: Processor node synthesis.
[rosout][INFO] 2025-05-07 13:06:48,197: PUBLISH data: 42
[rosout][INFO] 2025-05-07 13:06:48,216: Processor node synthesis.
[rosout][INFO] 2025-05-07 13:06:48,255: PUBLISH data: 42
[rosout][INFO] 2025-05-07 13:06:48,279: Processor node synthesis.
[rosout][INFO] 2025-05-07 13:06:48,318: PUBLISH data: 42
[rosout][INFO] 2025-05-07 13:06:48,345: Processor node synthesis.
[rosout][INFO] 2025-05-07 13:06:48,378: PUBLISH data: 42
[rosout][INFO] 2025-05-07 13:06:48,442: Processor node synthesis.
[rosout][INFO] 2025-05-07 13:06:48,495: PUBLISH data: 42
[rosout][INFO] 2025-05-07 13:06:48,518: Processor node synthesis.
[rosout][INFO] 2025-05-07 13:06:48,557: PUBLISH data: 42
[rosout][INFO] 2025-05-07 13:06:48,585: Processor node synthesis.
[rosout][INFO] 2025-05-07 13:06:48,623: PUBLISH data: 42
[rosout][INFO] 2025-05-07 13:06:48,649: Processor node synthesis.
[rosout][INFO] 2025-05-07 13:06:48,685: PUBLISH data: 42
[rosout][INFO] 2025-05-07 13:06:48,713: Processor node synthesis.
[rosout][INFO] 2025-05-07 13:06:48,754: PUBLISH data: 42
[rosout][INFO] 2025-05-07 13:06:48,809: Processor node synthesis.
[rosout][INFO] 2025-05-07 13:06:48,843: PUBLISH data: 42
[rosout][INFO] 2025-05-07 13:06:48,867: Processor node synthesis.
[rosout][INFO] 2025-05-07 13:06:48,914: PUBLISH data: 42
[rosout][INFO] 2025-05-07 13:06:48,947: Processor node synthesis.
[rosout][INFO] 2025-05-07 13:06:48,988: PUBLISH data: 42
[rosout][INFO] 2025-05-07 13:06:49,017: Processor node synthesis.
[rosout][INFO] 2025-05-07 13:06:49,055: PUBLISH data: 42
[rosout][INFO] 2025-05-07 13:06:49,086: Processor node synthesis.
[rosout][INFO] 2025-05-07 13:06:49,129: PUBLISH data: 42
[rosout][INFO] 2025-05-07 13:06:49,154: Processor node synthesis.
[rosout][INFO] 2025-05-07 13:06:49,186: PUBLISH data: 42
[rosout][INFO] 2025-05-07 13:06:49,216: Processor node synthesis.
[rosout][INFO] 2025-05-07 13:06:49,256: PUBLISH data: 42
[rosout][INFO] 2025-05-07 13:06:49,278: Processor node synthesis.
[rosout][INFO] 2025-05-07 13:06:49,317: PUBLISH data: 42
[rosout][INFO] 2025-05-07 13:06:49,347: Processor node synthesis.
[rosout][INFO] 2025-05-07 13:06:49,385: PUBLISH data: 42
[rosout][INFO] 2025-05-07 13:06:49,419: Processor node synthesis.
[rosout][INFO] 2025-05-07 13:06:49,454: PUBLISH data: 42
[rosout][INFO] 2025-05-07 13:06:49,483: Processor node synthesis.
[rosout][INFO] 2025-05-07 13:06:49,521: PUBLISH data: 42
[rosout][INFO] 2025-05-07 13:06:49,550: Processor node synthesis.
[rosout][INFO] 2025-05-07 13:06:49,589: PUBLISH data: 42
[rosout][INFO] 2025-05-07 13:06:49,613: Processor node synthesis.
[rosout][INFO] 2025-05-07 13:06:49,650: PUBLISH data: 42
[rosout][INFO] 2025-05-07 13:06:49,677: Processor node synthesis.
[rosout][INFO] 2025-05-07 13:06:49,710: PUBLISH data: 42
[rosout][INFO] 2025-05-07 13:06:49,733: Processor node synthesis.
[rosout][INFO] 2025-05-07 13:06:49,774: PUBLISH data: 42
[rosout][INFO] 2025-05-07 13:06:49,801: Processor node synthesis.
[rosout][INFO] 2025-05-07 13:06:49,834: PUBLISH data: 42
[rosout][INFO] 2025-05-07 13:06:49,851: Processor node synthesis.
[rosout][INFO] 2025-05-07 13:06:49,891: PUBLISH data: 42
[rosout][INFO] 2025-05-07 13:06:49,920: Processor node synthesis.
[rosout][INFO] 2025-05-07 13:06:49,961: PUBLISH data: 42
[rosout][INFO] 2025-05-07 13:06:49,983: Processor node synthesis.
[rosout][INFO] 2025-05-07 13:06:50,020: PUBLISH data: 42
[rosout][INFO] 2025-05-07 13:06:50,044: Processor node synthesis.
[rosout][INFO] 2025-05-07 13:06:50,096: PUBLISH data: 42
[rosout][INFO] 2025-05-07 13:06:50,116: Processor node synthesis.
[rosout][INFO] 2025-05-07 13:06:50,153: PUBLISH data: 42
[rosout][INFO] 2025-05-07 13:06:50,180: Processor node synthesis.
[rosout][INFO] 2025-05-07 13:06:50,218: PUBLISH data: 42
[rosout][INFO] 2025-05-07 13:06:50,246: Processor node synthesis.
[rosout][INFO] 2025-05-07 13:06:50,292: PUBLISH data: 42
[rosout][INFO] 2025-05-07 13:06:50,316: Processor node synthesis.
[rosout][INFO] 2025-05-07 13:06:50,354: PUBLISH data: 42
[rosout][INFO] 2025-05-07 13:06:50,378: Processor node synthesis.
[rosout][INFO] 2025-05-07 13:06:50,420: PUBLISH data: 42
[rosout][INFO] 2025-05-07 13:06:50,453: Processor node synthesis.
[rosout][INFO] 2025-05-07 13:06:50,493: PUBLISH data: 42
[rosout][INFO] 2025-05-07 13:06:50,516: Processor node synthesis.
[rosout][INFO] 2025-05-07 13:06:50,556: PUBLISH data: 42
[rosout][INFO] 2025-05-07 13:06:50,580: Processor node synthesis.
[rosout][INFO] 2025-05-07 13:06:50,621: PUBLISH data: 42
[rosout][INFO] 2025-05-07 13:06:50,652: Processor node synthesis.
[rosout][INFO] 2025-05-07 13:06:50,693: PUBLISH data: 42
[rosout][INFO] 2025-05-07 13:06:50,720: Processor node synthesis.
[rosout][INFO] 2025-05-07 13:06:50,760: PUBLISH data: 42
[rosout][INFO] 2025-05-07 13:06:50,786: Processor node synthesis.
[rosout][INFO] 2025-05-07 13:06:50,823: PUBLISH data: 42
[rosout][INFO] 2025-05-07 13:06:50,848: Processor node synthesis.
[rosout][INFO] 2025-05-07 13:06:50,885: PUBLISH data: 42
[rosout][INFO] 2025-05-07 13:06:50,916: Processor node synthesis.
[rosout][INFO] 2025-05-07 13:06:50,965: PUBLISH data: 42
[rosout][INFO] 2025-05-07 13:06:50,987: Processor node synthesis.
[rosout][INFO] 2025-05-07 13:06:51,021: PUBLISH data: 42
[rosout][INFO] 2025-05-07 13:06:51,049: Processor node synthesis.
[rosout][INFO] 2025-05-07 13:06:51,091: PUBLISH data: 42
[rosout][INFO] 2025-05-07 13:06:51,114: Processor node synthesis.
[rosout][INFO] 2025-05-07 13:06:51,157: PUBLISH data: 42
[rosout][INFO] 2025-05-07 13:06:51,179: Processor node synthesis.
[rosout][INFO] 2025-05-07 13:06:51,222: PUBLISH data: 42
[rosout][INFO] 2025-05-07 13:06:51,246: Processor node synthesis.
[rosout][INFO] 2025-05-07 13:06:51,286: PUBLISH data: 42
[rosout][INFO] 2025-05-07 13:06:51,317: Processor node synthesis.
[rosout][INFO] 2025-05-07 13:06:51,353: PUBLISH data: 42
[rosout][INFO] 2025-05-07 13:06:51,378: Processor node synthesis.
[rosout][INFO] 2025-05-07 13:06:51,414: PUBLISH data: 42
[rosout][INFO] 2025-05-07 13:06:51,443: Processor node synthesis.
[rosout][INFO] 2025-05-07 13:06:51,487: PUBLISH data: 42
[rosout][INFO] 2025-05-07 13:06:51,513: Processor node synthesis.
[rosout][INFO] 2025-05-07 13:06:51,556: PUBLISH data: 42
[rosout][INFO] 2025-05-07 13:06:51,580: Processor node synthesis.
[rosout][INFO] 2025-05-07 13:06:51,620: PUBLISH data: 42
[rosout][INFO] 2025-05-07 13:06:51,646: Processor node synthesis.
[rosout][INFO] 2025-05-07 13:06:51,686: PUBLISH data: 42
[rosout][INFO] 2025-05-07 13:06:51,721: Processor node synthesis.
[rosout][INFO] 2025-05-07 13:06:51,758: PUBLISH data: 42
[rosout][INFO] 2025-05-07 13:06:51,786: Processor node synthesis.
[rosout][INFO] 2025-05-07 13:06:51,825: PUBLISH data: 42
[rosout][INFO] 2025-05-07 13:06:51,847: Processor node synthesis.
[rosout][INFO] 2025-05-07 13:06:51,891: PUBLISH data: 42
[rosout][INFO] 2025-05-07 13:06:51,917: Processor node synthesis.
[rosout][INFO] 2025-05-07 13:06:51,958: PUBLISH data: 42
[rosout][INFO] 2025-05-07 13:06:52,031: Processor node synthesis.
[rosout][INFO] 2025-05-07 13:06:52,064: PUBLISH data: 42
[rosout][INFO] 2025-05-07 13:06:52,093: Processor node synthesis.
[rosout][INFO] 2025-05-07 13:06:52,128: PUBLISH data: 42
[rosout][INFO] 2025-05-07 13:06:52,150: Processor node synthesis.
[rosout][INFO] 2025-05-07 13:06:52,188: PUBLISH data: 42
[rosout][INFO] 2025-05-07 13:06:52,213: Processor node synthesis.
[rosout][INFO] 2025-05-07 13:06:52,251: PUBLISH data: 42
[rosout][INFO] 2025-05-07 13:06:52,278: Processor node synthesis.
[rosout][INFO] 2025-05-07 13:06:52,312: PUBLISH data: 42
[rosout][INFO] 2025-05-07 13:06:52,342: Processor node synthesis.
[rosout][INFO] 2025-05-07 13:06:52,451: PUBLISH data: 42
[rosout][INFO] 2025-05-07 13:06:52,488: Processor node synthesis.
[rosout][INFO] 2025-05-07 13:06:52,546: PUBLISH data: 42
[rosout][INFO] 2025-05-07 13:06:52,584: Processor node synthesis.
[rosout][INFO] 2025-05-07 13:06:52,624: PUBLISH data: 42
[rosout][INFO] 2025-05-07 13:06:52,669: Processor node synthesis.
[rosout][INFO] 2025-05-07 13:06:52,698: PUBLISH data: 42
[rosout][INFO] 2025-05-07 13:06:52,718: Processor node synthesis.
[rosout][INFO] 2025-05-07 13:06:52,756: PUBLISH data: 42
[rosout][INFO] 2025-05-07 13:06:52,783: Processor node synthesis.
[rosout][INFO] 2025-05-07 13:06:52,823: PUBLISH data: 42
[rosout][INFO] 2025-05-07 13:06:52,848: Processor node synthesis.
[rosout][INFO] 2025-05-07 13:06:52,892: PUBLISH data: 42
[rosout][INFO] 2025-05-07 13:06:52,915: Processor node synthesis.
[rosout][INFO] 2025-05-07 13:06:52,956: PUBLISH data: 42
[rosout][INFO] 2025-05-07 13:06:52,979: Processor node synthesis.
[rosout][INFO] 2025-05-07 13:06:53,015: PUBLISH data: 42
[rosout][INFO] 2025-05-07 13:06:53,043: Processor node synthesis.
[rosout][INFO] 2025-05-07 13:06:53,079: PUBLISH data: 42
[rosout][INFO] 2025-05-07 13:06:53,107: Processor node synthesis.
[rosout][INFO] 2025-05-07 13:06:53,137: PUBLISH data: 42
[rosout][INFO] 2025-05-07 13:06:53,155: Processor node synthesis.
[rosout][INFO] 2025-05-07 13:06:53,198: PUBLISH data: 42
[rosout][INFO] 2025-05-07 13:06:53,219: Processor node synthesis.
[rosout][INFO] 2025-05-07 13:06:53,260: PUBLISH data: 42
[rosout][INFO] 2025-05-07 13:06:53,286: Processor node synthesis.
[rosout][INFO] 2025-05-07 13:06:53,325: PUBLISH data: 42
[rosout][INFO] 2025-05-07 13:06:53,351: Processor node synthesis.
[rosout][INFO] 2025-05-07 13:06:53,416: PUBLISH data: 42
[rosout][INFO] 2025-05-07 13:06:53,445: Processor node synthesis.
[rosout][INFO] 2025-05-07 13:06:53,526: PUBLISH data: 42
[rosout][INFO] 2025-05-07 13:06:53,550: Processor node synthesis.
[rosout][INFO] 2025-05-07 13:06:53,595: PUBLISH data: 42
[rosout][INFO] 2025-05-07 13:06:53,617: Processor node synthesis.
[rosout][INFO] 2025-05-07 13:06:53,658: PUBLISH data: 42
[rosout][INFO] 2025-05-07 13:06:53,682: Processor node synthesis.
[rosout][INFO] 2025-05-07 13:06:53,722: PUBLISH data: 42
[rosout][INFO] 2025-05-07 13:06:53,749: Processor node synthesis.
[rosout][INFO] 2025-05-07 13:06:53,785: PUBLISH data: 42
[rosout][INFO] 2025-05-07 13:06:53,821: Processor node synthesis.
[rosout][INFO] 2025-05-07 13:06:53,867: PUBLISH data: 42
[rosout][INFO] 2025-05-07 13:06:53,884: Processor node synthesis.
[rosout][INFO] 2025-05-07 13:06:53,931: PUBLISH data: 42
[rosout][INFO] 2025-05-07 13:06:53,951: Processor node synthesis.
[rosout][INFO] 2025-05-07 13:06:53,992: PUBLISH data: 42
[rosout][INFO] 2025-05-07 13:06:54,019: Processor node synthesis.
[rosout][INFO] 2025-05-07 13:06:54,056: PUBLISH data: 42
[rosout][INFO] 2025-05-07 13:06:54,083: Processor node synthesis.
[rosout][INFO] 2025-05-07 13:06:54,126: PUBLISH data: 42
[rosout][INFO] 2025-05-07 13:06:54,149: Processor node synthesis.
[rosout][INFO] 2025-05-07 13:06:54,195: PUBLISH data: 42
[rosout][INFO] 2025-05-07 13:06:54,219: Processor node synthesis.
[rosout][INFO] 2025-05-07 13:06:54,258: PUBLISH data: 42
[rosout][INFO] 2025-05-07 13:06:54,282: Processor node synthesis.
[rosout][INFO] 2025-05-07 13:06:54,325: PUBLISH data: 42
[rosout][INFO] 2025-05-07 13:06:54,350: Processor node synthesis.
[rosout][INFO] 2025-05-07 13:06:54,391: PUBLISH data: 42
[rosout][INFO] 2025-05-07 13:06:54,419: Processor node synthesis.
[rosout][INFO] 2025-05-07 13:06:54,459: PUBLISH data: 42
[rosout][INFO] 2025-05-07 13:06:54,483: Processor node synthesis.
[rosout][INFO] 2025-05-07 13:06:54,520: PUBLISH data: 42
[rosout][INFO] 2025-05-07 13:06:54,545: Processor node synthesis.
[rosout][INFO] 2025-05-07 13:06:54,590: PUBLISH data: 42
[rosout][INFO] 2025-05-07 13:06:54,616: Processor node synthesis.
[rosout][INFO] 2025-05-07 13:06:54,663: PUBLISH data: 42
[rosout][INFO] 2025-05-07 13:06:54,686: Processor node synthesis.
[rosout][INFO] 2025-05-07 13:06:54,725: PUBLISH data: 42
[rosout][INFO] 2025-05-07 13:06:54,788: Processor node synthesis.
[rosout][INFO] 2025-05-07 13:06:54,863: PUBLISH data: 42
[rosout][INFO] 2025-05-07 13:06:54,885: Processor node synthesis.
[rosout][INFO] 2025-05-07 13:06:54,922: PUBLISH data: 42
[rosout][INFO] 2025-05-07 13:06:54,946: Processor node synthesis.
[rosout][INFO] 2025-05-07 13:06:54,988: PUBLISH data: 42
[rosout][INFO] 2025-05-07 13:06:55,013: Processor node synthesis.
[rosout][INFO] 2025-05-07 13:06:55,050: PUBLISH data: 42
[rosout][INFO] 2025-05-07 13:06:55,088: Processor node synthesis.
[rosout][INFO] 2025-05-07 13:06:55,157: PUBLISH data: 42
[rosout][INFO] 2025-05-07 13:06:55,180: Processor node synthesis.
[rosout][INFO] 2025-05-07 13:06:55,230: PUBLISH data: 42
[rosout][INFO] 2025-05-07 13:06:55,249: Processor node synthesis.
[rosout][INFO] 2025-05-07 13:06:55,307: PUBLISH data: 42
[rosout][INFO] 2025-05-07 13:06:55,335: Processor node synthesis.
[rosout][INFO] 2025-05-07 13:06:55,365: PUBLISH data: 42
[rosout][INFO] 2025-05-07 13:06:55,386: Processor node synthesis.
[rosout][INFO] 2025-05-07 13:06:55,428: PUBLISH data: 42
[rosout][INFO] 2025-05-07 13:06:55,447: Processor node synthesis.
[rosout][INFO] 2025-05-07 13:06:55,482: PUBLISH data: 42
[rosout][INFO] 2025-05-07 13:06:55,540: Processor node synthesis.
[rosout][INFO] 2025-05-07 13:06:55,570: PUBLISH data: 42
[rosout][INFO] 2025-05-07 13:06:55,587: Processor node synthesis.
[rosout][INFO] 2025-05-07 13:06:55,631: PUBLISH data: 42
[rosout][INFO] 2025-05-07 13:06:55,651: Processor node synthesis.
[rosout][INFO] 2025-05-07 13:06:55,688: PUBLISH data: 42
[rosout][INFO] 2025-05-07 13:06:55,714: Processor node synthesis.
[rosout][INFO] 2025-05-07 13:06:55,761: PUBLISH data: 42
[rosout][INFO] 2025-05-07 13:06:55,781: Processor node synthesis.
[rosout][INFO] 2025-05-07 13:06:55,823: PUBLISH data: 42
[rosout][INFO] 2025-05-07 13:06:55,857: Processor node synthesis.
[rosout][INFO] 2025-05-07 13:06:55,925: PUBLISH data: 42
[rosout][INFO] 2025-05-07 13:06:55,950: Processor node synthesis.
[rosout][INFO] 2025-05-07 13:06:55,986: PUBLISH data: 42
[rosout][INFO] 2025-05-07 13:06:56,018: Processor node synthesis.
[rosout][INFO] 2025-05-07 13:06:56,054: PUBLISH data: 42
[rosout][INFO] 2025-05-07 13:06:56,082: Processor node synthesis.
[rosout][INFO] 2025-05-07 13:06:56,121: PUBLISH data: 42
[rosout][INFO] 2025-05-07 13:06:56,152: Processor node synthesis.
[rosout][INFO] 2025-05-07 13:06:56,192: PUBLISH data: 42
[rosout][INFO] 2025-05-07 13:06:56,216: Processor node synthesis.
[rosout][INFO] 2025-05-07 13:06:56,255: PUBLISH data: 42
[rosout][INFO] 2025-05-07 13:06:56,283: Processor node synthesis.
[rosout][INFO] 2025-05-07 13:06:56,322: PUBLISH data: 42
[rosout][INFO] 2025-05-07 13:06:56,347: Processor node synthesis.
[rosout][INFO] 2025-05-07 13:06:56,386: PUBLISH data: 42
[rosout][INFO] 2025-05-07 13:06:56,417: Processor node synthesis.
[rosout][INFO] 2025-05-07 13:06:56,453: PUBLISH data: 42
[rosout][INFO] 2025-05-07 13:06:56,489: Processor node synthesis.
[rosout][INFO] 2025-05-07 13:06:56,535: PUBLISH data: 42
[rosout][INFO] 2025-05-07 13:06:56,553: Processor node synthesis.
[rosout][INFO] 2025-05-07 13:06:56,594: PUBLISH data: 42
[rosout][INFO] 2025-05-07 13:06:56,620: Processor node synthesis.
[rosout][INFO] 2025-05-07 13:06:56,694: PUBLISH data: 42
[rosout][INFO] 2025-05-07 13:06:56,718: Processor node synthesis.
[rosout][INFO] 2025-05-07 13:06:56,761: PUBLISH data: 42
[rosout][INFO] 2025-05-07 13:06:56,787: Processor node synthesis.
[rosout][INFO] 2025-05-07 13:06:56,850: PUBLISH data: 42
[rosout][INFO] 2025-05-07 13:06:56,881: Processor node synthesis.
[rosout][INFO] 2025-05-07 13:06:56,920: PUBLISH data: 42
[rosout][INFO] 2025-05-07 13:06:56,947: Processor node synthesis.
[rosout][INFO] 2025-05-07 13:06:56,988: PUBLISH data: 42
[rosout][INFO] 2025-05-07 13:06:57,013: Processor node synthesis.
[rosout][INFO] 2025-05-07 13:06:57,055: PUBLISH data: 42
[rosout][INFO] 2025-05-07 13:06:57,082: Processor node synthesis.
[rosout][INFO] 2025-05-07 13:06:57,124: PUBLISH data: 42
[rosout][INFO] 2025-05-07 13:06:57,153: Processor node synthesis.
[rosout][INFO] 2025-05-07 13:06:57,198: PUBLISH data: 42
[rosout][INFO] 2025-05-07 13:06:57,230: Processor node synthesis.
[rosout][INFO] 2025-05-07 13:06:57,260: PUBLISH data: 42
[rosout][INFO] 2025-05-07 13:06:57,289: Processor node synthesis.
[rosout][INFO] 2025-05-07 13:06:57,324: PUBLISH data: 42
[rosout][INFO] 2025-05-07 13:06:57,352: Processor node synthesis.
[rosout][INFO] 2025-05-07 13:06:57,393: PUBLISH data: 42
[rosout][INFO] 2025-05-07 13:06:57,414: Processor node synthesis.
[rosout][INFO] 2025-05-07 13:06:57,457: PUBLISH data: 42
[rosout][INFO] 2025-05-07 13:06:57,478: Processor node synthesis.
[rosout][INFO] 2025-05-07 13:06:57,519: PUBLISH data: 42
[rosout][INFO] 2025-05-07 13:06:57,546: Processor node synthesis.
[rosout][INFO] 2025-05-07 13:06:57,585: PUBLISH data: 42
[rosout][INFO] 2025-05-07 13:06:57,618: Processor node synthesis.
[rosout][INFO] 2025-05-07 13:06:57,658: PUBLISH data: 42
[rosout][INFO] 2025-05-07 13:06:57,683: Processor node synthesis.
[rosout][INFO] 2025-05-07 13:06:57,722: PUBLISH data: 42
[rosout][INFO] 2025-05-07 13:06:57,756: Processor node synthesis.
[rosout][INFO] 2025-05-07 13:06:57,795: PUBLISH data: 42
[rosout][INFO] 2025-05-07 13:06:57,828: Processor node synthesis.
[rosout][INFO] 2025-05-07 13:06:57,862: PUBLISH data: 42
[rosout][INFO] 2025-05-07 13:06:57,882: Processor node synthesis.
[rosout][INFO] 2025-05-07 13:06:57,922: PUBLISH data: 42
[rosout][INFO] 2025-05-07 13:06:57,955: Processor node synthesis.
[rosout][INFO] 2025-05-07 13:06:57,990: PUBLISH data: 42
[rosout][INFO] 2025-05-07 13:06:58,014: Processor node synthesis.
[rosout][INFO] 2025-05-07 13:06:58,062: PUBLISH data: 42
[rosout][INFO] 2025-05-07 13:06:58,085: Processor node synthesis.
[rosout][INFO] 2025-05-07 13:06:58,122: PUBLISH data: 42
[rosout][INFO] 2025-05-07 13:06:58,180: Processor node synthesis.
[rosout][INFO] 2025-05-07 13:06:58,221: PUBLISH data: 42
[rosout][INFO] 2025-05-07 13:06:58,246: Processor node synthesis.
[rosout][INFO] 2025-05-07 13:06:58,287: PUBLISH data: 42
[rosout][INFO] 2025-05-07 13:06:58,315: Processor node synthesis.
[rosout][INFO] 2025-05-07 13:06:58,360: PUBLISH data: 42
[rosout][INFO] 2025-05-07 13:06:58,386: Processor node synthesis.
[rosout][INFO] 2025-05-07 13:06:58,423: PUBLISH data: 42
[rosout][INFO] 2025-05-07 13:06:58,449: Processor node synthesis.
[rosout][INFO] 2025-05-07 13:06:58,488: PUBLISH data: 42
[rosout][INFO] 2025-05-07 13:06:58,512: Processor node synthesis.
[rosout][INFO] 2025-05-07 13:06:58,556: PUBLISH data: 42
[rosout][INFO] 2025-05-07 13:06:58,581: Processor node synthesis.
[rosout][INFO] 2025-05-07 13:06:58,619: PUBLISH data: 42
[rosout][INFO] 2025-05-07 13:06:58,647: Processor node synthesis.
[rosout][INFO] 2025-05-07 13:06:58,692: PUBLISH data: 42
[rosout][INFO] 2025-05-07 13:06:58,716: Processor node synthesis.
[rosout][INFO] 2025-05-07 13:06:58,756: PUBLISH data: 42
[rosout][INFO] 2025-05-07 13:06:58,794: Processor node synthesis.
[rosout][INFO] 2025-05-07 13:06:58,830: PUBLISH data: 42
[rosout][INFO] 2025-05-07 13:06:58,851: Processor node synthesis.
[rosout][INFO] 2025-05-07 13:06:58,892: PUBLISH data: 42
[rosout][INFO] 2025-05-07 13:06:58,915: Processor node synthesis.
[rosout][INFO] 2025-05-07 13:06:58,957: PUBLISH data: 42
[rosout][INFO] 2025-05-07 13:06:58,984: Processor node synthesis.
[rosout][INFO] 2025-05-07 13:06:59,024: PUBLISH data: 42
[rosout][INFO] 2025-05-07 13:06:59,053: Processor node synthesis.
[rosout][INFO] 2025-05-07 13:06:59,095: PUBLISH data: 42
[rosout][INFO] 2025-05-07 13:06:59,116: Processor node synthesis.
[rosout][INFO] 2025-05-07 13:06:59,160: PUBLISH data: 42
[rosout][INFO] 2025-05-07 13:06:59,188: Processor node synthesis.
[rosout][INFO] 2025-05-07 13:06:59,225: PUBLISH data: 42
[rosout][INFO] 2025-05-07 13:06:59,248: Processor node synthesis.
[rosout][INFO] 2025-05-07 13:06:59,287: PUBLISH data: 42
[rosout][INFO] 2025-05-07 13:06:59,315: Processor node synthesis.
[rosout][INFO] 2025-05-07 13:06:59,355: PUBLISH data: 42
[rosout][INFO] 2025-05-07 13:06:59,432: Processor node synthesis.
[rosout][INFO] 2025-05-07 13:06:59,493: PUBLISH data: 42
[rosout][INFO] 2025-05-07 13:06:59,515: Processor node synthesis.
[rosout][INFO] 2025-05-07 13:06:59,558: PUBLISH data: 42
[rosout][INFO] 2025-05-07 13:06:59,580: Processor node synthesis.
[rosout][INFO] 2025-05-07 13:06:59,618: PUBLISH data: 42
[rosout][INFO] 2025-05-07 13:06:59,646: Processor node synthesis.
[rosout][INFO] 2025-05-07 13:06:59,693: PUBLISH data: 42
[rosout][INFO] 2025-05-07 13:06:59,718: Processor node synthesis.
[rosout][INFO] 2025-05-07 13:06:59,756: PUBLISH data: 42
[rosout][INFO] 2025-05-07 13:06:59,779: Processor node synthesis.
[rosout][INFO] 2025-05-07 13:06:59,820: PUBLISH data: 42
[rosout][INFO] 2025-05-07 13:06:59,875: Processor node synthesis.
[rosout][INFO] 2025-05-07 13:06:59,908: PUBLISH data: 42
[rosout][INFO] 2025-05-07 13:06:59,930: Processor node synthesis.
[rosout][INFO] 2025-05-07 13:06:59,967: PUBLISH data: 42
[rosout][INFO] 2025-05-07 13:07:00,005: Processor node synthesis.
[rosout][INFO] 2025-05-07 13:07:00,049: PUBLISH data: 42
[rosout][INFO] 2025-05-07 13:07:00,102: Processor node synthesis.
[rosout][INFO] 2025-05-07 13:07:00,137: PUBLISH data: 42
[rosout][INFO] 2025-05-07 13:07:00,163: Processor node synthesis.
[rosout][INFO] 2025-05-07 13:07:00,194: PUBLISH data: 42
[rosout][INFO] 2025-05-07 13:07:00,218: Processor node synthesis.
[rosout][INFO] 2025-05-07 13:07:00,258: PUBLISH data: 42
[rosout][INFO] 2025-05-07 13:07:00,284: Processor node synthesis.
[rosout][INFO] 2025-05-07 13:07:00,329: PUBLISH data: 42
[rosout][INFO] 2025-05-07 13:07:00,356: Processor node synthesis.
[rosout][INFO] 2025-05-07 13:07:00,391: PUBLISH data: 42
[rosout][INFO] 2025-05-07 13:07:00,415: Processor node synthesis.
[rosout][INFO] 2025-05-07 13:07:00,455: PUBLISH data: 42
[rosout][INFO] 2025-05-07 13:07:00,484: Processor node synthesis.
[rosout][INFO] 2025-05-07 13:07:00,522: PUBLISH data: 42
[rosout][INFO] 2025-05-07 13:07:00,550: Processor node synthesis.
[rosout][INFO] 2025-05-07 13:07:00,591: PUBLISH data: 42
[rosout][INFO] 2025-05-07 13:07:00,615: Processor node synthesis.
[rosout][INFO] 2025-05-07 13:07:00,656: PUBLISH data: 42
[rosout][INFO] 2025-05-07 13:07:00,688: Processor node synthesis.
[rosout][INFO] 2025-05-07 13:07:00,729: PUBLISH data: 42
[rosout][INFO] 2025-05-07 13:07:00,753: Processor node synthesis.
[rosout][INFO] 2025-05-07 13:07:00,789: PUBLISH data: 42
[rosout][INFO] 2025-05-07 13:07:00,813: Processor node synthesis.
[rosout][INFO] 2025-05-07 13:07:00,852: PUBLISH data: 42
[rosout][INFO] 2025-05-07 13:07:00,877: Processor node synthesis.
[rosout][INFO] 2025-05-07 13:07:00,922: PUBLISH data: 42
[rosout][INFO] 2025-05-07 13:07:00,968: Processor node synthesis.
[rosout][INFO] 2025-05-07 13:07:00,998: PUBLISH data: 42
[rosout][INFO] 2025-05-07 13:07:01,018: Processor node synthesis.
[rosout][INFO] 2025-05-07 13:07:01,058: PUBLISH data: 42
[rosout][INFO] 2025-05-07 13:07:01,082: Processor node synthesis.
[rosout][INFO] 2025-05-07 13:07:01,121: PUBLISH data: 42
[rosout][INFO] 2025-05-07 13:07:01,145: Processor node synthesis.
[rosout][INFO] 2025-05-07 13:07:01,179: PUBLISH data: 42
[rosout][INFO] 2025-05-07 13:07:01,202: Processor node synthesis.
[rosout][INFO] 2025-05-07 13:07:01,234: PUBLISH data: 42
[rosout][INFO] 2025-05-07 13:07:01,256: Processor node synthesis.
[rosout][INFO] 2025-05-07 13:07:01,294: PUBLISH data: 42
[rosout][INFO] 2025-05-07 13:07:01,315: Processor node synthesis.
[rosout][INFO] 2025-05-07 13:07:01,356: PUBLISH data: 42
[rosout][INFO] 2025-05-07 13:07:01,413: Processor node synthesis.
[rosout][INFO] 2025-05-07 13:07:01,452: PUBLISH data: 42
[rosout][INFO] 2025-05-07 13:07:01,480: Processor node synthesis.
[rosout][INFO] 2025-05-07 13:07:01,523: PUBLISH data: 42
[rosout][INFO] 2025-05-07 13:07:01,561: Processor node synthesis.
[rosout][INFO] 2025-05-07 13:07:01,596: PUBLISH data: 42
[rosout][INFO] 2025-05-07 13:07:01,620: Processor node synthesis.
[rosout][INFO] 2025-05-07 13:07:01,659: PUBLISH data: 42
[rosout][INFO] 2025-05-07 13:07:01,688: Processor node synthesis.
[rosout][INFO] 2025-05-07 13:07:01,729: PUBLISH data: 42
[rosout][INFO] 2025-05-07 13:07:01,752: Processor node synthesis.
[rosout][INFO] 2025-05-07 13:07:01,793: PUBLISH data: 42
[rosout][INFO] 2025-05-07 13:07:01,847: Processor node synthesis.
[rosout][INFO] 2025-05-07 13:07:01,888: PUBLISH data: 42
[rosout][INFO] 2025-05-07 13:07:01,916: Processor node synthesis.
[rosout][INFO] 2025-05-07 13:07:01,956: PUBLISH data: 42
[rosout][INFO] 2025-05-07 13:07:01,981: Processor node synthesis.
[rosout][INFO] 2025-05-07 13:07:02,022: PUBLISH data: 42
[rosout][INFO] 2025-05-07 13:07:02,051: Processor node synthesis.
[rosout][INFO] 2025-05-07 13:07:02,088: PUBLISH data: 42
[rosout][INFO] 2025-05-07 13:07:02,131: Processor node synthesis.
[rosout][INFO] 2025-05-07 13:07:02,159: PUBLISH data: 42
[rosout][INFO] 2025-05-07 13:07:02,189: Processor node synthesis.
[rosout][INFO] 2025-05-07 13:07:02,228: PUBLISH data: 42
[rosout][INFO] 2025-05-07 13:07:02,284: Processor node synthesis.
[rosout][INFO] 2025-05-07 13:07:02,325: PUBLISH data: 42
[rosout][INFO] 2025-05-07 13:07:02,349: Processor node synthesis.
[rosout][INFO] 2025-05-07 13:07:02,430: PUBLISH data: 42
[rosout][INFO] 2025-05-07 13:07:02,448: Processor node synthesis.
[rosout][INFO] 2025-05-07 13:07:02,493: PUBLISH data: 42
[rosout][INFO] 2025-05-07 13:07:02,517: Processor node synthesis.
[rosout][INFO] 2025-05-07 13:07:02,555: PUBLISH data: 42
[rosout][INFO] 2025-05-07 13:07:02,580: Processor node synthesis.
[rosout][INFO] 2025-05-07 13:07:02,621: PUBLISH data: 42
[rosout][INFO] 2025-05-07 13:07:02,647: Processor node synthesis.
[rosout][INFO] 2025-05-07 13:07:02,689: PUBLISH data: 42
[rosout][INFO] 2025-05-07 13:07:02,714: Processor node synthesis.
[rosout][INFO] 2025-05-07 13:07:02,763: PUBLISH data: 42
[rosout][INFO] 2025-05-07 13:07:02,786: Processor node synthesis.
[rosout][INFO] 2025-05-07 13:07:02,829: PUBLISH data: 42
[rosout][INFO] 2025-05-07 13:07:02,851: Processor node synthesis.
[rosout][INFO] 2025-05-07 13:07:02,896: PUBLISH data: 42
[rosout][INFO] 2025-05-07 13:07:02,930: Processor node synthesis.
[rosout][INFO] 2025-05-07 13:07:02,960: PUBLISH data: 42
[rosout][INFO] 2025-05-07 13:07:02,983: Processor node synthesis.
[rosout][INFO] 2025-05-07 13:07:03,029: PUBLISH data: 42
[rosout][INFO] 2025-05-07 13:07:03,055: Processor node synthesis.
[rosout][INFO] 2025-05-07 13:07:03,094: PUBLISH data: 42
[rosout][INFO] 2025-05-07 13:07:03,138: Processor node synthesis.
[rosout][INFO] 2025-05-07 13:07:03,167: PUBLISH data: 42
[rosout][INFO] 2025-05-07 13:07:03,222: Processor node synthesis.
[rosout][INFO] 2025-05-07 13:07:03,265: PUBLISH data: 42
[rosout][INFO] 2025-05-07 13:07:03,297: Processor node synthesis.
[rosout][INFO] 2025-05-07 13:07:03,343: PUBLISH data: 42
[rosout][INFO] 2025-05-07 13:07:03,373: Processor node synthesis.
[rosout][INFO] 2025-05-07 13:07:03,422: PUBLISH data: 42
[rosout][INFO] 2025-05-07 13:07:03,447: Processor node synthesis.
[rosout][INFO] 2025-05-07 13:07:03,491: PUBLISH data: 42
[rosout][INFO] 2025-05-07 13:07:03,549: Processor node synthesis.
[rosout][INFO] 2025-05-07 13:07:03,654: PUBLISH data: 42
[rosout][INFO] 2025-05-07 13:07:03,687: Processor node synthesis.
[rosout][INFO] 2025-05-07 13:07:03,727: PUBLISH data: 42
[rosout][INFO] 2025-05-07 13:07:03,767: Processor node synthesis.
[rosout][INFO] 2025-05-07 13:07:03,798: PUBLISH data: 42
[rosout][INFO] 2025-05-07 13:07:03,820: Processor node synthesis.
[rosout][INFO] 2025-05-07 13:07:03,863: PUBLISH data: 42
[rosout][INFO] 2025-05-07 13:07:03,921: Processor node synthesis.
[rosout][INFO] 2025-05-07 13:07:03,960: PUBLISH data: 42
[rosout][INFO] 2025-05-07 13:07:03,985: Processor node synthesis.
[rosout][INFO] 2025-05-07 13:07:04,028: PUBLISH data: 42
[rosout][INFO] 2025-05-07 13:07:04,078: Processor node synthesis.
[rosout][INFO] 2025-05-07 13:07:04,129: PUBLISH data: 42
[rosout][INFO] 2025-05-07 13:07:04,195: Processor node synthesis.
[rosout][INFO] 2025-05-07 13:07:04,248: PUBLISH data: 42
[rosout][INFO] 2025-05-07 13:07:04,283: Processor node synthesis.
[rosout][INFO] 2025-05-07 13:07:04,325: PUBLISH data: 42
[rosout][INFO] 2025-05-07 13:07:04,347: Processor node synthesis.
[rosout][INFO] 2025-05-07 13:07:04,388: PUBLISH data: 42
[rosout][INFO] 2025-05-07 13:07:04,415: Processor node synthesis.
[rosout][INFO] 2025-05-07 13:07:04,454: PUBLISH data: 42
[rosout][INFO] 2025-05-07 13:07:04,479: Processor node synthesis.
[rosout][INFO] 2025-05-07 13:07:04,518: PUBLISH data: 42
[rosout][INFO] 2025-05-07 13:07:04,547: Processor node synthesis.
[rosout][INFO] 2025-05-07 13:07:04,590: PUBLISH data: 42
[rosout][INFO] 2025-05-07 13:07:04,619: Processor node synthesis.
[rosout][INFO] 2025-05-07 13:07:04,657: PUBLISH data: 42
[rosout][INFO] 2025-05-07 13:07:04,685: Processor node synthesis.
[rosout][INFO] 2025-05-07 13:07:04,724: PUBLISH data: 42
[rosout][INFO] 2025-05-07 13:07:04,755: Processor node synthesis.
[rosout][INFO] 2025-05-07 13:07:04,796: PUBLISH data: 42
[rosout][INFO] 2025-05-07 13:07:04,818: Processor node synthesis.
[rosout][INFO] 2025-05-07 13:07:04,856: PUBLISH data: 42
[rosout][INFO] 2025-05-07 13:07:04,886: Processor node synthesis.
[rosout][INFO] 2025-05-07 13:07:04,926: PUBLISH data: 42
[rosout][INFO] 2025-05-07 13:07:04,999: Processor node synthesis.
[rosout][INFO] 2025-05-07 13:07:05,043: PUBLISH data: 42
[rosout][INFO] 2025-05-07 13:07:05,084: Processor node synthesis.
[rosout][INFO] 2025-05-07 13:07:05,123: PUBLISH data: 42
[rosout][INFO] 2025-05-07 13:07:05,154: Processor node synthesis.
[rosout][INFO] 2025-05-07 13:07:05,192: PUBLISH data: 42
[rosout][INFO] 2025-05-07 13:07:05,212: Processor node synthesis.
[rosout][INFO] 2025-05-07 13:07:05,251: PUBLISH data: 42
[rosout][INFO] 2025-05-07 13:07:05,284: Processor node synthesis.
[rosout][INFO] 2025-05-07 13:07:05,329: PUBLISH data: 42
[rosout][INFO] 2025-05-07 13:07:05,351: Processor node synthesis.
[rosout][INFO] 2025-05-07 13:07:05,390: PUBLISH data: 42
[rosout][INFO] 2025-05-07 13:07:05,416: Processor node synthesis.
[rosout][INFO] 2025-05-07 13:07:05,456: PUBLISH data: 42
[rosout][INFO] 2025-05-07 13:07:05,482: Processor node synthesis.
[rosout][INFO] 2025-05-07 13:07:05,520: PUBLISH data: 42
[rosout][INFO] 2025-05-07 13:07:05,548: Processor node synthesis.
[rosout][INFO] 2025-05-07 13:07:05,592: PUBLISH data: 42
[rosout][INFO] 2025-05-07 13:07:05,617: Processor node synthesis.
[rosout][INFO] 2025-05-07 13:07:05,661: PUBLISH data: 42
[rosout][INFO] 2025-05-07 13:07:05,685: Processor node synthesis.
[rosout][INFO] 2025-05-07 13:07:05,729: PUBLISH data: 42
[rosout][INFO] 2025-05-07 13:07:05,752: Processor node synthesis.
[rosout][INFO] 2025-05-07 13:07:05,789: PUBLISH data: 42
[rosout][INFO] 2025-05-07 13:07:05,813: Processor node synthesis.
[rosout][INFO] 2025-05-07 13:07:05,850: PUBLISH data: 42
[rosout][INFO] 2025-05-07 13:07:05,877: Processor node synthesis.
[rosout][INFO] 2025-05-07 13:07:05,915: PUBLISH data: 42
[rosout][INFO] 2025-05-07 13:07:05,945: Processor node synthesis.
[rosout][INFO] 2025-05-07 13:07:05,983: PUBLISH data: 42
[rosout][INFO] 2025-05-07 13:07:06,011: Processor node synthesis.
[rosout][INFO] 2025-05-07 13:07:06,059: PUBLISH data: 42
[rosout][INFO] 2025-05-07 13:07:06,090: Processor node synthesis.
[rosout][INFO] 2025-05-07 13:07:06,127: PUBLISH data: 42
[rosout][INFO] 2025-05-07 13:07:06,151: Processor node synthesis.
[rosout][INFO] 2025-05-07 13:07:06,189: PUBLISH data: 42
[rosout][INFO] 2025-05-07 13:07:06,212: Processor node synthesis.
[rosout][INFO] 2025-05-07 13:07:06,252: PUBLISH data: 42
[rosout][INFO] 2025-05-07 13:07:06,282: Processor node synthesis.
[rosout][INFO] 2025-05-07 13:07:06,327: PUBLISH data: 42
[rosout][INFO] 2025-05-07 13:07:06,350: Processor node synthesis.
[rosout][INFO] 2025-05-07 13:07:06,397: PUBLISH data: 42
[rosout][INFO] 2025-05-07 13:07:06,444: Processor node synthesis.
[rosout][INFO] 2025-05-07 13:07:06,491: PUBLISH data: 42
[rosout][INFO] 2025-05-07 13:07:06,518: Processor node synthesis.
[rosout][INFO] 2025-05-07 13:07:06,556: PUBLISH data: 42
[rosout][INFO] 2025-05-07 13:07:06,594: Processor node synthesis.
[rosout][INFO] 2025-05-07 13:07:06,628: PUBLISH data: 42
[rosout][INFO] 2025-05-07 13:07:06,650: Processor node synthesis.
[rosout][INFO] 2025-05-07 13:07:06,690: PUBLISH data: 42
[rosout][INFO] 2025-05-07 13:07:06,717: Processor node synthesis.
[rosout][INFO] 2025-05-07 13:07:06,758: PUBLISH data: 42
[rosout][INFO] 2025-05-07 13:07:06,785: Processor node synthesis.
[rosout][INFO] 2025-05-07 13:07:06,829: PUBLISH data: 42
[rosout][INFO] 2025-05-07 13:07:06,850: Processor node synthesis.
[rosout][INFO] 2025-05-07 13:07:06,887: PUBLISH data: 42
[rosout][INFO] 2025-05-07 13:07:06,918: Processor node synthesis.
[rosout][INFO] 2025-05-07 13:07:06,953: PUBLISH data: 42
[rosout][INFO] 2025-05-07 13:07:06,980: Processor node synthesis.
[rosout][INFO] 2025-05-07 13:07:07,019: PUBLISH data: 42
[rosout][INFO] 2025-05-07 13:07:07,066: Processor node synthesis.
[rosout][INFO] 2025-05-07 13:07:07,095: PUBLISH data: 42
[rosout][INFO] 2025-05-07 13:07:07,115: Processor node synthesis.
[rosout][INFO] 2025-05-07 13:07:07,153: PUBLISH data: 42
[rosout][INFO] 2025-05-07 13:07:07,204: Processor node synthesis.
[rosout][INFO] 2025-05-07 13:07:07,247: PUBLISH data: 42
[rosout][INFO] 2025-05-07 13:07:07,274: Processor node synthesis.
[rosout][INFO] 2025-05-07 13:07:07,310: PUBLISH data: 42
[rosout][INFO] 2025-05-07 13:07:07,338: Processor node synthesis.
[rosout][INFO] 2025-05-07 13:07:07,375: PUBLISH data: 42
[rosout][INFO] 2025-05-07 13:07:07,401: Processor node synthesis.
[rosout][INFO] 2025-05-07 13:07:07,432: PUBLISH data: 42
[rosout][INFO] 2025-05-07 13:07:07,449: Processor node synthesis.
[rosout][INFO] 2025-05-07 13:07:07,485: PUBLISH data: 42
[rosout][INFO] 2025-05-07 13:07:07,514: Processor node synthesis.
[rosout][INFO] 2025-05-07 13:07:07,557: PUBLISH data: 42
[rosout][INFO] 2025-05-07 13:07:07,611: Processor node synthesis.
[rosout][INFO] 2025-05-07 13:07:07,645: PUBLISH data: 42
[rosout][INFO] 2025-05-07 13:07:07,672: Processor node synthesis.
[rosout][INFO] 2025-05-07 13:07:07,720: PUBLISH data: 42
[rosout][INFO] 2025-05-07 13:07:07,750: Processor node synthesis.
[rosout][INFO] 2025-05-07 13:07:07,789: PUBLISH data: 42
[rosout][INFO] 2025-05-07 13:07:07,813: Processor node synthesis.
[rosout][INFO] 2025-05-07 13:07:07,858: PUBLISH data: 42
[rosout][INFO] 2025-05-07 13:07:07,902: Processor node synthesis.
[rosout][INFO] 2025-05-07 13:07:07,944: PUBLISH data: 42
[rosout][INFO] 2025-05-07 13:07:07,971: Processor node synthesis.
[rosout][INFO] 2025-05-07 13:07:08,009: PUBLISH data: 42
[rosout][INFO] 2025-05-07 13:07:08,036: Processor node synthesis.
[rosout][INFO] 2025-05-07 13:07:08,065: PUBLISH data: 42
[rosout][INFO] 2025-05-07 13:07:08,083: Processor node synthesis.
[rosout][INFO] 2025-05-07 13:07:08,121: PUBLISH data: 42
[rosout][INFO] 2025-05-07 13:07:08,146: Processor node synthesis.
[rosout][INFO] 2025-05-07 13:07:08,189: PUBLISH data: 42
[rosout][INFO] 2025-05-07 13:07:08,241: Processor node synthesis.
[rosout][INFO] 2025-05-07 13:07:08,281: PUBLISH data: 42
[rosout][INFO] 2025-05-07 13:07:08,322: Processor node synthesis.
[rosout][INFO] 2025-05-07 13:07:08,360: PUBLISH data: 42
[rosout][INFO] 2025-05-07 13:07:08,385: Processor node synthesis.
[rosout][INFO] 2025-05-07 13:07:08,432: PUBLISH data: 42
[rosout][INFO] 2025-05-07 13:07:08,480: Processor node synthesis.
[rosout][INFO] 2025-05-07 13:07:08,525: PUBLISH data: 42
[rosout][INFO] 2025-05-07 13:07:08,549: Processor node synthesis.
[rosout][INFO] 2025-05-07 13:07:08,591: PUBLISH data: 42
[rosout][INFO] 2025-05-07 13:07:08,619: Processor node synthesis.
[rosout][INFO] 2025-05-07 13:07:08,682: PUBLISH data: 42
[rosout][INFO] 2025-05-07 13:07:08,720: Processor node synthesis.
[rosout][INFO] 2025-05-07 13:07:08,762: PUBLISH data: 42
[rosout][INFO] 2025-05-07 13:07:08,818: Processor node synthesis.
[rosout][INFO] 2025-05-07 13:07:08,860: PUBLISH data: 42
[rosout][INFO] 2025-05-07 13:07:08,880: Processor node synthesis.
[rosout][INFO] 2025-05-07 13:07:08,921: PUBLISH data: 42
[rosout][INFO] 2025-05-07 13:07:08,948: Processor node synthesis.
[rosout][INFO] 2025-05-07 13:07:08,989: PUBLISH data: 42
[rosout][INFO] 2025-05-07 13:07:09,019: Processor node synthesis.
[rosout][INFO] 2025-05-07 13:07:09,065: PUBLISH data: 42
[rosout][INFO] 2025-05-07 13:07:09,089: Processor node synthesis.
[rosout][INFO] 2025-05-07 13:07:09,130: PUBLISH data: 42
[rosout][INFO] 2025-05-07 13:07:09,155: Processor node synthesis.
[rosout][INFO] 2025-05-07 13:07:09,205: PUBLISH data: 42
[rosout][INFO] 2025-05-07 13:07:09,271: Processor node synthesis.
[rosout][INFO] 2025-05-07 13:07:09,322: PUBLISH data: 42
[rosout][INFO] 2025-05-07 13:07:09,377: Processor node synthesis.
[rosout][INFO] 2025-05-07 13:07:09,420: PUBLISH data: 42
[rosout][INFO] 2025-05-07 13:07:09,479: Processor node synthesis.
[rosout][INFO] 2025-05-07 13:07:09,562: PUBLISH data: 42
[rosout][INFO] 2025-05-07 13:07:09,589: Processor node synthesis.
[rosout][INFO] 2025-05-07 13:07:09,622: PUBLISH data: 42
[rosout][INFO] 2025-05-07 13:07:09,648: Processor node synthesis.
[rosout][INFO] 2025-05-07 13:07:09,686: PUBLISH data: 42
[rosout][INFO] 2025-05-07 13:07:09,744: Processor node synthesis.
[rosout][INFO] 2025-05-07 13:07:09,786: PUBLISH data: 42
[rosout][INFO] 2025-05-07 13:07:09,819: Processor node synthesis.
[rosout][INFO] 2025-05-07 13:07:09,854: PUBLISH data: 42
[rosout][INFO] 2025-05-07 13:07:09,888: Processor node synthesis.
[rosout][INFO] 2025-05-07 13:07:09,960: PUBLISH data: 42
[rosout][INFO] 2025-05-07 13:07:10,022: Processor node synthesis.
[rosout][INFO] 2025-05-07 13:07:10,057: PUBLISH data: 42
[rosout][INFO] 2025-05-07 13:07:10,084: Processor node synthesis.
[rosout][INFO] 2025-05-07 13:07:10,124: PUBLISH data: 42
[rosout][INFO] 2025-05-07 13:07:10,156: Processor node synthesis.
[rosout][INFO] 2025-05-07 13:07:10,192: PUBLISH data: 42
[rosout][INFO] 2025-05-07 13:07:10,215: Processor node synthesis.
[rosout][INFO] 2025-05-07 13:07:10,252: PUBLISH data: 42
[rosout][INFO] 2025-05-07 13:07:10,286: Processor node synthesis.
[rosout][INFO] 2025-05-07 13:07:10,321: PUBLISH data: 42
[rosout][INFO] 2025-05-07 13:07:10,379: Processor node synthesis.
[rosout][INFO] 2025-05-07 13:07:10,461: PUBLISH data: 42
[rosout][INFO] 2025-05-07 13:07:10,487: Processor node synthesis.
[rosout][INFO] 2025-05-07 13:07:10,530: PUBLISH data: 42
[rosout][INFO] 2025-05-07 13:07:10,584: Processor node synthesis.
[rosout][INFO] 2025-05-07 13:07:10,626: PUBLISH data: 42
[rosout][INFO] 2025-05-07 13:07:10,649: Processor node synthesis.
[rosout][INFO] 2025-05-07 13:07:10,697: PUBLISH data: 42
[rosout][INFO] 2025-05-07 13:07:10,717: Processor node synthesis.
[rosout][INFO] 2025-05-07 13:07:10,777: PUBLISH data: 42
[rosout][INFO] 2025-05-07 13:07:10,813: Processor node synthesis.
[rosout][INFO] 2025-05-07 13:07:10,856: PUBLISH data: 42
[rosout][INFO] 2025-05-07 13:07:10,880: Processor node synthesis.
[rosout][INFO] 2025-05-07 13:07:10,920: PUBLISH data: 42
[rosout][INFO] 2025-05-07 13:07:10,946: Processor node synthesis.
[rosout][INFO] 2025-05-07 13:07:11,012: PUBLISH data: 42
[rosout][INFO] 2025-05-07 13:07:11,049: Processor node synthesis.
[rosout][INFO] 2025-05-07 13:07:11,096: PUBLISH data: 42
[rosout][INFO] 2025-05-07 13:07:11,118: Processor node synthesis.
[rosout][INFO] 2025-05-07 13:07:11,166: PUBLISH data: 42
[rosout][INFO] 2025-05-07 13:07:11,185: Processor node synthesis.
[rosout][INFO] 2025-05-07 13:07:11,240: PUBLISH data: 42
[rosout][INFO] 2025-05-07 13:07:11,267: Processor node synthesis.
[rosout][INFO] 2025-05-07 13:07:11,305: PUBLISH data: 42
[rosout][INFO] 2025-05-07 13:07:11,343: Processor node synthesis.
[rosout][INFO] 2025-05-07 13:07:11,377: PUBLISH data: 42
[rosout][INFO] 2025-05-07 13:07:11,402: Processor node synthesis.
[rosout][INFO] 2025-05-07 13:07:11,444: PUBLISH data: 42
[rosout][INFO] 2025-05-07 13:07:11,467: Processor node synthesis.
[rosout][INFO] 2025-05-07 13:07:11,495: PUBLISH data: 42
[rosout][INFO] 2025-05-07 13:07:11,515: Processor node synthesis.
[rosout][INFO] 2025-05-07 13:07:11,557: PUBLISH data: 42
[rosout][INFO] 2025-05-07 13:07:11,580: Processor node synthesis.
[rosout][INFO] 2025-05-07 13:07:11,626: PUBLISH data: 42
[rosout][INFO] 2025-05-07 13:07:11,648: Processor node synthesis.
[rosout][INFO] 2025-05-07 13:07:11,691: PUBLISH data: 42
[rosout][INFO] 2025-05-07 13:07:11,718: Processor node synthesis.
[rosout][INFO] 2025-05-07 13:07:11,756: PUBLISH data: 42
[rosout][INFO] 2025-05-07 13:07:11,801: Processor node synthesis.
[rosout][INFO] 2025-05-07 13:07:11,842: PUBLISH data: 42
[rosout][INFO] 2025-05-07 13:07:11,870: Processor node synthesis.
[rosout][INFO] 2025-05-07 13:07:11,913: PUBLISH data: 42
[rosout][INFO] 2025-05-07 13:07:11,948: Processor node synthesis.
[rosout][INFO] 2025-05-07 13:07:11,992: PUBLISH data: 42
[rosout][INFO] 2025-05-07 13:07:12,015: Processor node synthesis.
[rosout][INFO] 2025-05-07 13:07:12,055: PUBLISH data: 42
[rosout][INFO] 2025-05-07 13:07:12,080: Processor node synthesis.
[rosout][INFO] 2025-05-07 13:07:12,119: PUBLISH data: 42
[rosout][INFO] 2025-05-07 13:07:12,147: Processor node synthesis.
[rosout][INFO] 2025-05-07 13:07:12,189: PUBLISH data: 42
[rosout][INFO] 2025-05-07 13:07:12,213: Processor node synthesis.
[rosout][INFO] 2025-05-07 13:07:12,289: PUBLISH data: 42
[rosout][INFO] 2025-05-07 13:07:12,313: Processor node synthesis.
[rosout][INFO] 2025-05-07 13:07:12,353: PUBLISH data: 42
[rosout][INFO] 2025-05-07 13:07:12,381: Processor node synthesis.
[rosout][INFO] 2025-05-07 13:07:12,448: PUBLISH data: 42
[rosout][INFO] 2025-05-07 13:07:12,488: Processor node synthesis.
[rosout][INFO] 2025-05-07 13:07:12,530: PUBLISH data: 42
[rosout][INFO] 2025-05-07 13:07:12,549: Processor node synthesis.
[rosout][INFO] 2025-05-07 13:07:12,591: PUBLISH data: 42
[rosout][INFO] 2025-05-07 13:07:12,619: Processor node synthesis.
[rosout][INFO] 2025-05-07 13:07:12,658: PUBLISH data: 42
[rosout][INFO] 2025-05-07 13:07:12,686: Processor node synthesis.
[rosout][INFO] 2025-05-07 13:07:12,726: PUBLISH data: 42
[rosout][INFO] 2025-05-07 13:07:12,755: Processor node synthesis.
[rosout][INFO] 2025-05-07 13:07:12,790: PUBLISH data: 42
[rosout][INFO] 2025-05-07 13:07:12,814: Processor node synthesis.
[rosout][INFO] 2025-05-07 13:07:12,852: PUBLISH data: 42
[rosout][INFO] 2025-05-07 13:07:12,879: Processor node synthesis.
[rosout][INFO] 2025-05-07 13:07:12,919: PUBLISH data: 42
[rosout][INFO] 2025-05-07 13:07:12,947: Processor node synthesis.
[rosout][INFO] 2025-05-07 13:07:12,985: PUBLISH data: 42
[rosout][INFO] 2025-05-07 13:07:13,012: Processor node synthesis.
[rosout][INFO] 2025-05-07 13:07:13,053: PUBLISH data: 42
[rosout][INFO] 2025-05-07 13:07:13,084: Processor node synthesis.
[rosout][INFO] 2025-05-07 13:07:13,154: PUBLISH data: 42
[rosout][INFO] 2025-05-07 13:07:13,180: Processor node synthesis.
[rosout][INFO] 2025-05-07 13:07:13,217: PUBLISH data: 42
[rosout][INFO] 2025-05-07 13:07:13,249: Processor node synthesis.
[rosout][INFO] 2025-05-07 13:07:13,288: PUBLISH data: 42
[rosout][INFO] 2025-05-07 13:07:13,314: Processor node synthesis.
[rosout][INFO] 2025-05-07 13:07:13,351: PUBLISH data: 42
[rosout][INFO] 2025-05-07 13:07:13,380: Processor node synthesis.
[rosout][INFO] 2025-05-07 13:07:13,420: PUBLISH data: 42
[rosout][INFO] 2025-05-07 13:07:13,446: Processor node synthesis.
[rosout][INFO] 2025-05-07 13:07:13,487: PUBLISH data: 42
[rosout][INFO] 2025-05-07 13:07:13,515: Processor node synthesis.
[rosout][INFO] 2025-05-07 13:07:13,556: PUBLISH data: 42
[rosout][INFO] 2025-05-07 13:07:13,583: Processor node synthesis.
[rosout][INFO] 2025-05-07 13:07:13,621: PUBLISH data: 42
[rosout][INFO] 2025-05-07 13:07:13,654: Processor node synthesis.
[rosout][INFO] 2025-05-07 13:07:13,692: PUBLISH data: 42
[rosout][INFO] 2025-05-07 13:07:13,717: Processor node synthesis.
[rosout][INFO] 2025-05-07 13:07:13,760: PUBLISH data: 42
[rosout][INFO] 2025-05-07 13:07:13,795: Processor node synthesis.
[rosout][INFO] 2025-05-07 13:07:13,831: PUBLISH data: 42
[rosout][INFO] 2025-05-07 13:07:13,861: Processor node synthesis.
[rosout][INFO] 2025-05-07 13:07:13,897: PUBLISH data: 42
[rosout][INFO] 2025-05-07 13:07:13,914: Processor node synthesis.
[rosout][INFO] 2025-05-07 13:07:13,953: PUBLISH data: 42
[rosout][INFO] 2025-05-07 13:07:13,980: Processor node synthesis.
[rosout][INFO] 2025-05-07 13:07:14,020: PUBLISH data: 42
[rosout][INFO] 2025-05-07 13:07:14,045: Processor node synthesis.
[rosout][INFO] 2025-05-07 13:07:14,083: PUBLISH data: 42
[rosout][INFO] 2025-05-07 13:07:14,109: Processor node synthesis.
[rosout][INFO] 2025-05-07 13:07:14,151: PUBLISH data: 42
[rosout][INFO] 2025-05-07 13:07:14,185: Processor node synthesis.
[rosout][INFO] 2025-05-07 13:07:14,221: PUBLISH data: 42
[rosout][INFO] 2025-05-07 13:07:14,248: Processor node synthesis.
[rosout][INFO] 2025-05-07 13:07:14,292: PUBLISH data: 42
[rosout][INFO] 2025-05-07 13:07:14,317: Processor node synthesis.
[rosout][INFO] 2025-05-07 13:07:14,355: PUBLISH data: 42
[rosout][INFO] 2025-05-07 13:07:14,391: Processor node synthesis.
[rosout][INFO] 2025-05-07 13:07:14,430: PUBLISH data: 42
[rosout][INFO] 2025-05-07 13:07:14,451: Processor node synthesis.
[rosout][INFO] 2025-05-07 13:07:14,490: PUBLISH data: 42
[rosout][INFO] 2025-05-07 13:07:14,516: Processor node synthesis.
[rosout][INFO] 2025-05-07 13:07:14,555: PUBLISH data: 42
[rosout][INFO] 2025-05-07 13:07:14,578: Processor node synthesis.
[rosout][INFO] 2025-05-07 13:07:14,619: PUBLISH data: 42
[rosout][INFO] 2025-05-07 13:07:14,648: Processor node synthesis.
[rosout][INFO] 2025-05-07 13:07:14,685: PUBLISH data: 42
[rosout][INFO] 2025-05-07 13:07:14,716: Processor node synthesis.
[rosout][INFO] 2025-05-07 13:07:14,754: PUBLISH data: 42
[rosout][INFO] 2025-05-07 13:07:14,787: Processor node synthesis.
[rosout][INFO] 2025-05-07 13:07:14,831: PUBLISH data: 42
[rosout][INFO] 2025-05-07 13:07:14,847: Processor node synthesis.
[rosout][INFO] 2025-05-07 13:07:14,892: PUBLISH data: 42
[rosout][INFO] 2025-05-07 13:07:14,919: Processor node synthesis.
[rosout][INFO] 2025-05-07 13:07:14,958: PUBLISH data: 42
[rosout][INFO] 2025-05-07 13:07:14,984: Processor node synthesis.
[rosout][INFO] 2025-05-07 13:07:15,019: PUBLISH data: 42
[rosout][INFO] 2025-05-07 13:07:15,055: Processor node synthesis.
[rosout][INFO] 2025-05-07 13:07:15,089: PUBLISH data: 42
[rosout][INFO] 2025-05-07 13:07:15,118: Processor node synthesis.
[rosout][INFO] 2025-05-07 13:07:15,162: PUBLISH data: 42
[rosout][INFO] 2025-05-07 13:07:15,181: Processor node synthesis.
[rosout][INFO] 2025-05-07 13:07:15,224: PUBLISH data: 42
[rosout][INFO] 2025-05-07 13:07:15,247: Processor node synthesis.
[rosout][INFO] 2025-05-07 13:07:15,293: PUBLISH data: 42
[rosout][INFO] 2025-05-07 13:07:15,317: Processor node synthesis.
[rosout][INFO] 2025-05-07 13:07:15,353: PUBLISH data: 42
[rosout][INFO] 2025-05-07 13:07:15,378: Processor node synthesis.
[rosout][INFO] 2025-05-07 13:07:15,431: PUBLISH data: 42
[rosout][INFO] 2025-05-07 13:07:15,450: Processor node synthesis.
[rosout][INFO] 2025-05-07 13:07:15,492: PUBLISH data: 42
[rosout][INFO] 2025-05-07 13:07:15,514: Processor node synthesis.
[rosout][INFO] 2025-05-07 13:07:15,553: PUBLISH data: 42
[rosout][INFO] 2025-05-07 13:07:15,580: Processor node synthesis.
[rosout][INFO] 2025-05-07 13:07:15,628: PUBLISH data: 42
[rosout][INFO] 2025-05-07 13:07:15,647: Processor node synthesis.
[rosout][INFO] 2025-05-07 13:07:15,711: PUBLISH data: 42
[rosout][INFO] 2025-05-07 13:07:15,741: Processor node synthesis.
[rosout][INFO] 2025-05-07 13:07:15,773: PUBLISH data: 42
[rosout][INFO] 2025-05-07 13:07:15,801: Processor node synthesis.
[rosout][INFO] 2025-05-07 13:07:15,842: PUBLISH data: 42
[rosout][INFO] 2025-05-07 13:07:15,874: Processor node synthesis.
[rosout][INFO] 2025-05-07 13:07:15,909: PUBLISH data: 42
[rosout][INFO] 2025-05-07 13:07:15,936: Processor node synthesis.
[rosout][INFO] 2025-05-07 13:07:15,983: PUBLISH data: 42
[rosout][INFO] 2025-05-07 13:07:16,016: Processor node synthesis.
[rosout][INFO] 2025-05-07 13:07:16,054: PUBLISH data: 42
[rosout][INFO] 2025-05-07 13:07:16,084: Processor node synthesis.
[rosout][INFO] 2025-05-07 13:07:16,123: PUBLISH data: 42
[rosout][INFO] 2025-05-07 13:07:16,146: Processor node synthesis.
[rosout][INFO] 2025-05-07 13:07:16,213: PUBLISH data: 42
[rosout][INFO] 2025-05-07 13:07:16,243: Processor node synthesis.
[rosout][INFO] 2025-05-07 13:07:16,281: PUBLISH data: 42
[rosout][INFO] 2025-05-07 13:07:16,311: Processor node synthesis.
[rosout][INFO] 2025-05-07 13:07:16,355: PUBLISH data: 42
[rosout][INFO] 2025-05-07 13:07:16,384: Processor node synthesis.
[rosout][INFO] 2025-05-07 13:07:16,425: PUBLISH data: 42
[rosout][INFO] 2025-05-07 13:07:16,449: Processor node synthesis.
[rosout][INFO] 2025-05-07 13:07:16,487: PUBLISH data: 42
[rosout][INFO] 2025-05-07 13:07:16,517: Processor node synthesis.
[rosout][INFO] 2025-05-07 13:07:16,556: PUBLISH data: 42
[rosout][INFO] 2025-05-07 13:07:16,583: Processor node synthesis.
[rosout][INFO] 2025-05-07 13:07:16,621: PUBLISH data: 42
[rosout][INFO] 2025-05-07 13:07:16,647: Processor node synthesis.
[rosout][INFO] 2025-05-07 13:07:16,686: PUBLISH data: 42
[rosout][INFO] 2025-05-07 13:07:16,717: Processor node synthesis.
[rosout][INFO] 2025-05-07 13:07:16,803: PUBLISH data: 42
[rosout][INFO] 2025-05-07 13:07:16,827: Processor node synthesis.
[rosout][INFO] 2025-05-07 13:07:16,860: PUBLISH data: 42
[rosout][INFO] 2025-05-07 13:07:16,882: Processor node synthesis.
[rosout][INFO] 2025-05-07 13:07:16,923: PUBLISH data: 42
[rosout][INFO] 2025-05-07 13:07:16,948: Processor node synthesis.
[rosout][INFO] 2025-05-07 13:07:16,995: PUBLISH data: 42
[rosout][INFO] 2025-05-07 13:07:17,016: Processor node synthesis.
[rosout][INFO] 2025-05-07 13:07:17,054: PUBLISH data: 42
[rosout][INFO] 2025-05-07 13:07:17,082: Processor node synthesis.
[rosout][INFO] 2025-05-07 13:07:17,125: PUBLISH data: 42
[rosout][INFO] 2025-05-07 13:07:17,151: Processor node synthesis.
[rosout][INFO] 2025-05-07 13:07:17,195: PUBLISH data: 42
[rosout][INFO] 2025-05-07 13:07:17,219: Processor node synthesis.
[rosout][INFO] 2025-05-07 13:07:17,255: PUBLISH data: 42
[rosout][INFO] 2025-05-07 13:07:17,280: Processor node synthesis.
[rosout][INFO] 2025-05-07 13:07:17,325: PUBLISH data: 42
[rosout][INFO] 2025-05-07 13:07:17,352: Processor node synthesis.
[rosout][INFO] 2025-05-07 13:07:17,421: PUBLISH data: 42
[rosout][INFO] 2025-05-07 13:07:17,452: Processor node synthesis.
[rosout][INFO] 2025-05-07 13:07:17,496: PUBLISH data: 42
[rosout][INFO] 2025-05-07 13:07:17,521: Processor node synthesis.
[rosout][INFO] 2025-05-07 13:07:17,557: PUBLISH data: 42
[rosout][INFO] 2025-05-07 13:07:17,583: Processor node synthesis.
[rosout][INFO] 2025-05-07 13:07:17,624: PUBLISH data: 42
[rosout][INFO] 2025-05-07 13:07:17,650: Processor node synthesis.
[rosout][INFO] 2025-05-07 13:07:17,690: PUBLISH data: 42
[rosout][INFO] 2025-05-07 13:07:17,750: Processor node synthesis.
[rosout][INFO] 2025-05-07 13:07:17,790: PUBLISH data: 42
[rosout][INFO] 2025-05-07 13:07:17,855: Processor node synthesis.
[rosout][INFO] 2025-05-07 13:07:17,898: PUBLISH data: 42
[rosout][INFO] 2025-05-07 13:07:17,928: Processor node synthesis.
[rosout][INFO] 2025-05-07 13:07:17,961: PUBLISH data: 42
[rosout][INFO] 2025-05-07 13:07:17,984: Processor node synthesis.
[rosout][INFO] 2025-05-07 13:07:18,026: PUBLISH data: 42
[rosout][INFO] 2025-05-07 13:07:18,051: Processor node synthesis.
[rosout][INFO] 2025-05-07 13:07:18,090: PUBLISH data: 42
[rosout][INFO] 2025-05-07 13:07:18,118: Processor node synthesis.
[rosout][INFO] 2025-05-07 13:07:18,156: PUBLISH data: 42
[rosout][INFO] 2025-05-07 13:07:18,186: Processor node synthesis.
[rosout][INFO] 2025-05-07 13:07:18,226: PUBLISH data: 42
[rosout][INFO] 2025-05-07 13:07:18,258: Processor node synthesis.
[rosout][INFO] 2025-05-07 13:07:18,310: PUBLISH data: 42
[rosout][INFO] 2025-05-07 13:07:18,367: Processor node synthesis.
[rosout][INFO] 2025-05-07 13:07:18,400: PUBLISH data: 42
[rosout][INFO] 2025-05-07 13:07:18,421: Processor node synthesis.
[rosout][INFO] 2025-05-07 13:07:18,517: PUBLISH data: 42
[rosout][INFO] 2025-05-07 13:07:18,547: Processor node synthesis.
[rosout][INFO] 2025-05-07 13:07:18,594: PUBLISH data: 42
[rosout][INFO] 2025-05-07 13:07:18,615: Processor node synthesis.
[rosout][INFO] 2025-05-07 13:07:18,654: PUBLISH data: 42
[rosout][INFO] 2025-05-07 13:07:18,681: Processor node synthesis.
[rosout][INFO] 2025-05-07 13:07:18,722: PUBLISH data: 42
[rosout][INFO] 2025-05-07 13:07:18,750: Processor node synthesis.
[rosout][INFO] 2025-05-07 13:07:18,790: PUBLISH data: 42
[rosout][INFO] 2025-05-07 13:07:18,814: Processor node synthesis.
[rosout][INFO] 2025-05-07 13:07:18,853: PUBLISH data: 42
[rosout][INFO] 2025-05-07 13:07:18,887: Processor node synthesis.
[rosout][INFO] 2025-05-07 13:07:18,931: PUBLISH data: 42
[rospy.core][INFO] 2025-05-07 13:07:18,960: signal_shutdown [signal-2]
[rosout][INFO] 2025-05-07 13:07:18,950: Processor node synthesis.
[rospy.internal][INFO] 2025-05-07 13:07:19,016: topic[/camera/image_raw] removing connection to http://192.168.8.179:41431/
[rospy.impl.masterslave][INFO] 2025-05-07 13:07:19,017: signal-2
[rosout][INFO] 2025-05-07 13:07:18,991: PUBLISH data: 42
[rospy.core][INFO] 2025-05-07 13:07:19,594: signal_shutdown [signal-2]
[rospy.core][INFO] 2025-05-07 13:07:19,595: signal_shutdown [atexit]
