[rospy.client][INFO] 2025-05-07 13:01:13,739: init_node, name[/camera_processor_node_1057_1746622873685], pid[1057]
[xmlrpc][INFO] 2025-05-07 13:01:13,740: XML-RPC server binding to 0.0.0.0:0
[xmlrpc][INFO] 2025-05-07 13:01:13,742: Started XML-RPC server [http://192.168.8.249:42687/]
[rospy.init][INFO] 2025-05-07 13:01:13,742: ROS Slave URI: [http://192.168.8.249:42687/]
[rospy.impl.masterslave][INFO] 2025-05-07 13:01:13,742: _ready: http://192.168.8.249:42687/
[xmlrpc][INFO] 2025-05-07 13:01:13,751: xml rpc node: starting XML-RPC server
[rospy.registration][INFO] 2025-05-07 13:01:13,751: Registering with master node http://jetbot:11311
[rospy.init][INFO] 2025-05-07 13:01:13,843: registered with master
[rospy.rosout][INFO] 2025-05-07 13:01:13,844: initializing /rosout core topic
[rospy.rosout][INFO] 2025-05-07 13:01:13,872: connected to core topic /rosout
[rospy.simtime][INFO] 2025-05-07 13:01:13,896: /use_sim_time is not set, will not subscribe to simulated time [/clock] topic
[rosout][INFO] 2025-05-07 13:01:13,931: Initializing camera processor node...
[rospy.internal][INFO] 2025-05-07 13:01:14,031: topic[/camera/image_raw] adding connection to [http://192.168.8.179:41431/], count 0
[rosout][INFO] 2025-05-07 13:01:14,107: Processor node initialized.
[rosout][ERROR] 2025-05-07 13:01:14,159: bad callback: <bound method CameraProcessorNode.image_cb of <__main__.CameraProcessorNode instance at 0x7fe875e7c960>>
Traceback (most recent call last):
  File "/opt/ros/melodic/lib/python2.7/dist-packages/rospy/topics.py", line 750, in _invoke_callback
    cb(msg)
  File "./src/jetson_camera/src/camera_processor_node.py", line 77, in image_cb
    self.publisher.publish(msg)
AttributeError: CameraProcessorNode instance has no attribute 'publisher'

[rosout][ERROR] 2025-05-07 13:01:14,210: bad callback: <bound method CameraProcessorNode.image_cb of <__main__.CameraProcessorNode instance at 0x7fe875e7c960>>
Traceback (most recent call last):
  File "/opt/ros/melodic/lib/python2.7/dist-packages/rospy/topics.py", line 750, in _invoke_callback
    cb(msg)
  File "./src/jetson_camera/src/camera_processor_node.py", line 77, in image_cb
    self.publisher.publish(msg)
AttributeError: CameraProcessorNode instance has no attribute 'publisher'

[rosout][ERROR] 2025-05-07 13:01:14,278: bad callback: <bound method CameraProcessorNode.image_cb of <__main__.CameraProcessorNode instance at 0x7fe875e7c960>>
Traceback (most recent call last):
  File "/opt/ros/melodic/lib/python2.7/dist-packages/rospy/topics.py", line 750, in _invoke_callback
    cb(msg)
  File "./src/jetson_camera/src/camera_processor_node.py", line 77, in image_cb
    self.publisher.publish(msg)
AttributeError: CameraProcessorNode instance has no attribute 'publisher'

[rosout][ERROR] 2025-05-07 13:01:14,322: bad callback: <bound method CameraProcessorNode.image_cb of <__main__.CameraProcessorNode instance at 0x7fe875e7c960>>
Traceback (most recent call last):
  File "/opt/ros/melodic/lib/python2.7/dist-packages/rospy/topics.py", line 750, in _invoke_callback
    cb(msg)
  File "./src/jetson_camera/src/camera_processor_node.py", line 77, in image_cb
    self.publisher.publish(msg)
AttributeError: CameraProcessorNode instance has no attribute 'publisher'

[rosout][ERROR] 2025-05-07 13:01:14,373: bad callback: <bound method CameraProcessorNode.image_cb of <__main__.CameraProcessorNode instance at 0x7fe875e7c960>>
Traceback (most recent call last):
  File "/opt/ros/melodic/lib/python2.7/dist-packages/rospy/topics.py", line 750, in _invoke_callback
    cb(msg)
  File "./src/jetson_camera/src/camera_processor_node.py", line 77, in image_cb
    self.publisher.publish(msg)
AttributeError: CameraProcessorNode instance has no attribute 'publisher'

[rosout][ERROR] 2025-05-07 13:01:14,419: bad callback: <bound method CameraProcessorNode.image_cb of <__main__.CameraProcessorNode instance at 0x7fe875e7c960>>
Traceback (most recent call last):
  File "/opt/ros/melodic/lib/python2.7/dist-packages/rospy/topics.py", line 750, in _invoke_callback
    cb(msg)
  File "./src/jetson_camera/src/camera_processor_node.py", line 77, in image_cb
    self.publisher.publish(msg)
AttributeError: CameraProcessorNode instance has no attribute 'publisher'

[rosout][ERROR] 2025-05-07 13:01:14,454: bad callback: <bound method CameraProcessorNode.image_cb of <__main__.CameraProcessorNode instance at 0x7fe875e7c960>>
Traceback (most recent call last):
  File "/opt/ros/melodic/lib/python2.7/dist-packages/rospy/topics.py", line 750, in _invoke_callback
    cb(msg)
  File "./src/jetson_camera/src/camera_processor_node.py", line 77, in image_cb
    self.publisher.publish(msg)
AttributeError: CameraProcessorNode instance has no attribute 'publisher'

[rosout][ERROR] 2025-05-07 13:01:14,489: bad callback: <bound method CameraProcessorNode.image_cb of <__main__.CameraProcessorNode instance at 0x7fe875e7c960>>
Traceback (most recent call last):
  File "/opt/ros/melodic/lib/python2.7/dist-packages/rospy/topics.py", line 750, in _invoke_callback
    cb(msg)
  File "./src/jetson_camera/src/camera_processor_node.py", line 77, in image_cb
    self.publisher.publish(msg)
AttributeError: CameraProcessorNode instance has no attribute 'publisher'

[rosout][ERROR] 2025-05-07 13:01:14,527: bad callback: <bound method CameraProcessorNode.image_cb of <__main__.CameraProcessorNode instance at 0x7fe875e7c960>>
Traceback (most recent call last):
  File "/opt/ros/melodic/lib/python2.7/dist-packages/rospy/topics.py", line 750, in _invoke_callback
    cb(msg)
  File "./src/jetson_camera/src/camera_processor_node.py", line 77, in image_cb
    self.publisher.publish(msg)
AttributeError: CameraProcessorNode instance has no attribute 'publisher'

[rosout][ERROR] 2025-05-07 13:01:14,560: bad callback: <bound method CameraProcessorNode.image_cb of <__main__.CameraProcessorNode instance at 0x7fe875e7c960>>
Traceback (most recent call last):
  File "/opt/ros/melodic/lib/python2.7/dist-packages/rospy/topics.py", line 750, in _invoke_callback
    cb(msg)
  File "./src/jetson_camera/src/camera_processor_node.py", line 77, in image_cb
    self.publisher.publish(msg)
AttributeError: CameraProcessorNode instance has no attribute 'publisher'

[rosout][ERROR] 2025-05-07 13:01:14,593: bad callback: <bound method CameraProcessorNode.image_cb of <__main__.CameraProcessorNode instance at 0x7fe875e7c960>>
Traceback (most recent call last):
  File "/opt/ros/melodic/lib/python2.7/dist-packages/rospy/topics.py", line 750, in _invoke_callback
    cb(msg)
  File "./src/jetson_camera/src/camera_processor_node.py", line 77, in image_cb
    self.publisher.publish(msg)
AttributeError: CameraProcessorNode instance has no attribute 'publisher'

[rosout][ERROR] 2025-05-07 13:01:14,628: bad callback: <bound method CameraProcessorNode.image_cb of <__main__.CameraProcessorNode instance at 0x7fe875e7c960>>
Traceback (most recent call last):
  File "/opt/ros/melodic/lib/python2.7/dist-packages/rospy/topics.py", line 750, in _invoke_callback
    cb(msg)
  File "./src/jetson_camera/src/camera_processor_node.py", line 77, in image_cb
    self.publisher.publish(msg)
AttributeError: CameraProcessorNode instance has no attribute 'publisher'

[rosout][ERROR] 2025-05-07 13:01:14,696: bad callback: <bound method CameraProcessorNode.image_cb of <__main__.CameraProcessorNode instance at 0x7fe875e7c960>>
Traceback (most recent call last):
  File "/opt/ros/melodic/lib/python2.7/dist-packages/rospy/topics.py", line 750, in _invoke_callback
    cb(msg)
  File "./src/jetson_camera/src/camera_processor_node.py", line 77, in image_cb
    self.publisher.publish(msg)
AttributeError: CameraProcessorNode instance has no attribute 'publisher'

[rosout][ERROR] 2025-05-07 13:01:14,731: bad callback: <bound method CameraProcessorNode.image_cb of <__main__.CameraProcessorNode instance at 0x7fe875e7c960>>
Traceback (most recent call last):
  File "/opt/ros/melodic/lib/python2.7/dist-packages/rospy/topics.py", line 750, in _invoke_callback
    cb(msg)
  File "./src/jetson_camera/src/camera_processor_node.py", line 77, in image_cb
    self.publisher.publish(msg)
AttributeError: CameraProcessorNode instance has no attribute 'publisher'

[rosout][ERROR] 2025-05-07 13:01:14,777: bad callback: <bound method CameraProcessorNode.image_cb of <__main__.CameraProcessorNode instance at 0x7fe875e7c960>>
Traceback (most recent call last):
  File "/opt/ros/melodic/lib/python2.7/dist-packages/rospy/topics.py", line 750, in _invoke_callback
    cb(msg)
  File "./src/jetson_camera/src/camera_processor_node.py", line 77, in image_cb
    self.publisher.publish(msg)
AttributeError: CameraProcessorNode instance has no attribute 'publisher'

[rosout][ERROR] 2025-05-07 13:01:14,823: bad callback: <bound method CameraProcessorNode.image_cb of <__main__.CameraProcessorNode instance at 0x7fe875e7c960>>
Traceback (most recent call last):
  File "/opt/ros/melodic/lib/python2.7/dist-packages/rospy/topics.py", line 750, in _invoke_callback
    cb(msg)
  File "./src/jetson_camera/src/camera_processor_node.py", line 77, in image_cb
    self.publisher.publish(msg)
AttributeError: CameraProcessorNode instance has no attribute 'publisher'

[rosout][ERROR] 2025-05-07 13:01:14,858: bad callback: <bound method CameraProcessorNode.image_cb of <__main__.CameraProcessorNode instance at 0x7fe875e7c960>>
Traceback (most recent call last):
  File "/opt/ros/melodic/lib/python2.7/dist-packages/rospy/topics.py", line 750, in _invoke_callback
    cb(msg)
  File "./src/jetson_camera/src/camera_processor_node.py", line 77, in image_cb
    self.publisher.publish(msg)
AttributeError: CameraProcessorNode instance has no attribute 'publisher'

[rosout][ERROR] 2025-05-07 13:01:14,892: bad callback: <bound method CameraProcessorNode.image_cb of <__main__.CameraProcessorNode instance at 0x7fe875e7c960>>
Traceback (most recent call last):
  File "/opt/ros/melodic/lib/python2.7/dist-packages/rospy/topics.py", line 750, in _invoke_callback
    cb(msg)
  File "./src/jetson_camera/src/camera_processor_node.py", line 77, in image_cb
    self.publisher.publish(msg)
AttributeError: CameraProcessorNode instance has no attribute 'publisher'

[rosout][ERROR] 2025-05-07 13:01:14,944: bad callback: <bound method CameraProcessorNode.image_cb of <__main__.CameraProcessorNode instance at 0x7fe875e7c960>>
Traceback (most recent call last):
  File "/opt/ros/melodic/lib/python2.7/dist-packages/rospy/topics.py", line 750, in _invoke_callback
    cb(msg)
  File "./src/jetson_camera/src/camera_processor_node.py", line 77, in image_cb
    self.publisher.publish(msg)
AttributeError: CameraProcessorNode instance has no attribute 'publisher'

[rosout][ERROR] 2025-05-07 13:01:14,988: bad callback: <bound method CameraProcessorNode.image_cb of <__main__.CameraProcessorNode instance at 0x7fe875e7c960>>
Traceback (most recent call last):
  File "/opt/ros/melodic/lib/python2.7/dist-packages/rospy/topics.py", line 750, in _invoke_callback
    cb(msg)
  File "./src/jetson_camera/src/camera_processor_node.py", line 77, in image_cb
    self.publisher.publish(msg)
AttributeError: CameraProcessorNode instance has no attribute 'publisher'

[rosout][ERROR] 2025-05-07 13:01:15,022: bad callback: <bound method CameraProcessorNode.image_cb of <__main__.CameraProcessorNode instance at 0x7fe875e7c960>>
Traceback (most recent call last):
  File "/opt/ros/melodic/lib/python2.7/dist-packages/rospy/topics.py", line 750, in _invoke_callback
    cb(msg)
  File "./src/jetson_camera/src/camera_processor_node.py", line 77, in image_cb
    self.publisher.publish(msg)
AttributeError: CameraProcessorNode instance has no attribute 'publisher'

[rosout][ERROR] 2025-05-07 13:01:15,059: bad callback: <bound method CameraProcessorNode.image_cb of <__main__.CameraProcessorNode instance at 0x7fe875e7c960>>
Traceback (most recent call last):
  File "/opt/ros/melodic/lib/python2.7/dist-packages/rospy/topics.py", line 750, in _invoke_callback
    cb(msg)
  File "./src/jetson_camera/src/camera_processor_node.py", line 77, in image_cb
    self.publisher.publish(msg)
AttributeError: CameraProcessorNode instance has no attribute 'publisher'

[rosout][ERROR] 2025-05-07 13:01:15,092: bad callback: <bound method CameraProcessorNode.image_cb of <__main__.CameraProcessorNode instance at 0x7fe875e7c960>>
Traceback (most recent call last):
  File "/opt/ros/melodic/lib/python2.7/dist-packages/rospy/topics.py", line 750, in _invoke_callback
    cb(msg)
  File "./src/jetson_camera/src/camera_processor_node.py", line 77, in image_cb
    self.publisher.publish(msg)
AttributeError: CameraProcessorNode instance has no attribute 'publisher'

[rosout][ERROR] 2025-05-07 13:01:15,126: bad callback: <bound method CameraProcessorNode.image_cb of <__main__.CameraProcessorNode instance at 0x7fe875e7c960>>
Traceback (most recent call last):
  File "/opt/ros/melodic/lib/python2.7/dist-packages/rospy/topics.py", line 750, in _invoke_callback
    cb(msg)
  File "./src/jetson_camera/src/camera_processor_node.py", line 77, in image_cb
    self.publisher.publish(msg)
AttributeError: CameraProcessorNode instance has no attribute 'publisher'

[rosout][ERROR] 2025-05-07 13:01:15,157: bad callback: <bound method CameraProcessorNode.image_cb of <__main__.CameraProcessorNode instance at 0x7fe875e7c960>>
Traceback (most recent call last):
  File "/opt/ros/melodic/lib/python2.7/dist-packages/rospy/topics.py", line 750, in _invoke_callback
    cb(msg)
  File "./src/jetson_camera/src/camera_processor_node.py", line 77, in image_cb
    self.publisher.publish(msg)
AttributeError: CameraProcessorNode instance has no attribute 'publisher'

[rosout][ERROR] 2025-05-07 13:01:15,191: bad callback: <bound method CameraProcessorNode.image_cb of <__main__.CameraProcessorNode instance at 0x7fe875e7c960>>
Traceback (most recent call last):
  File "/opt/ros/melodic/lib/python2.7/dist-packages/rospy/topics.py", line 750, in _invoke_callback
    cb(msg)
  File "./src/jetson_camera/src/camera_processor_node.py", line 77, in image_cb
    self.publisher.publish(msg)
AttributeError: CameraProcessorNode instance has no attribute 'publisher'

[rosout][ERROR] 2025-05-07 13:01:15,222: bad callback: <bound method CameraProcessorNode.image_cb of <__main__.CameraProcessorNode instance at 0x7fe875e7c960>>
Traceback (most recent call last):
  File "/opt/ros/melodic/lib/python2.7/dist-packages/rospy/topics.py", line 750, in _invoke_callback
    cb(msg)
  File "./src/jetson_camera/src/camera_processor_node.py", line 77, in image_cb
    self.publisher.publish(msg)
AttributeError: CameraProcessorNode instance has no attribute 'publisher'

[rosout][ERROR] 2025-05-07 13:01:15,253: bad callback: <bound method CameraProcessorNode.image_cb of <__main__.CameraProcessorNode instance at 0x7fe875e7c960>>
Traceback (most recent call last):
  File "/opt/ros/melodic/lib/python2.7/dist-packages/rospy/topics.py", line 750, in _invoke_callback
    cb(msg)
  File "./src/jetson_camera/src/camera_processor_node.py", line 77, in image_cb
    self.publisher.publish(msg)
AttributeError: CameraProcessorNode instance has no attribute 'publisher'

[rosout][ERROR] 2025-05-07 13:01:15,289: bad callback: <bound method CameraProcessorNode.image_cb of <__main__.CameraProcessorNode instance at 0x7fe875e7c960>>
Traceback (most recent call last):
  File "/opt/ros/melodic/lib/python2.7/dist-packages/rospy/topics.py", line 750, in _invoke_callback
    cb(msg)
  File "./src/jetson_camera/src/camera_processor_node.py", line 77, in image_cb
    self.publisher.publish(msg)
AttributeError: CameraProcessorNode instance has no attribute 'publisher'

[rosout][ERROR] 2025-05-07 13:01:15,322: bad callback: <bound method CameraProcessorNode.image_cb of <__main__.CameraProcessorNode instance at 0x7fe875e7c960>>
Traceback (most recent call last):
  File "/opt/ros/melodic/lib/python2.7/dist-packages/rospy/topics.py", line 750, in _invoke_callback
    cb(msg)
  File "./src/jetson_camera/src/camera_processor_node.py", line 77, in image_cb
    self.publisher.publish(msg)
AttributeError: CameraProcessorNode instance has no attribute 'publisher'

[rosout][ERROR] 2025-05-07 13:01:15,358: bad callback: <bound method CameraProcessorNode.image_cb of <__main__.CameraProcessorNode instance at 0x7fe875e7c960>>
Traceback (most recent call last):
  File "/opt/ros/melodic/lib/python2.7/dist-packages/rospy/topics.py", line 750, in _invoke_callback
    cb(msg)
  File "./src/jetson_camera/src/camera_processor_node.py", line 77, in image_cb
    self.publisher.publish(msg)
AttributeError: CameraProcessorNode instance has no attribute 'publisher'

[rosout][ERROR] 2025-05-07 13:01:15,396: bad callback: <bound method CameraProcessorNode.image_cb of <__main__.CameraProcessorNode instance at 0x7fe875e7c960>>
Traceback (most recent call last):
  File "/opt/ros/melodic/lib/python2.7/dist-packages/rospy/topics.py", line 750, in _invoke_callback
    cb(msg)
  File "./src/jetson_camera/src/camera_processor_node.py", line 77, in image_cb
    self.publisher.publish(msg)
AttributeError: CameraProcessorNode instance has no attribute 'publisher'

[rosout][ERROR] 2025-05-07 13:01:15,426: bad callback: <bound method CameraProcessorNode.image_cb of <__main__.CameraProcessorNode instance at 0x7fe875e7c960>>
Traceback (most recent call last):
  File "/opt/ros/melodic/lib/python2.7/dist-packages/rospy/topics.py", line 750, in _invoke_callback
    cb(msg)
  File "./src/jetson_camera/src/camera_processor_node.py", line 77, in image_cb
    self.publisher.publish(msg)
AttributeError: CameraProcessorNode instance has no attribute 'publisher'

[rosout][ERROR] 2025-05-07 13:01:15,462: bad callback: <bound method CameraProcessorNode.image_cb of <__main__.CameraProcessorNode instance at 0x7fe875e7c960>>
Traceback (most recent call last):
  File "/opt/ros/melodic/lib/python2.7/dist-packages/rospy/topics.py", line 750, in _invoke_callback
    cb(msg)
  File "./src/jetson_camera/src/camera_processor_node.py", line 77, in image_cb
    self.publisher.publish(msg)
AttributeError: CameraProcessorNode instance has no attribute 'publisher'

[rosout][ERROR] 2025-05-07 13:01:15,511: bad callback: <bound method CameraProcessorNode.image_cb of <__main__.CameraProcessorNode instance at 0x7fe875e7c960>>
Traceback (most recent call last):
  File "/opt/ros/melodic/lib/python2.7/dist-packages/rospy/topics.py", line 750, in _invoke_callback
    cb(msg)
  File "./src/jetson_camera/src/camera_processor_node.py", line 77, in image_cb
    self.publisher.publish(msg)
AttributeError: CameraProcessorNode instance has no attribute 'publisher'

[rosout][ERROR] 2025-05-07 13:01:15,565: bad callback: <bound method CameraProcessorNode.image_cb of <__main__.CameraProcessorNode instance at 0x7fe875e7c960>>
Traceback (most recent call last):
  File "/opt/ros/melodic/lib/python2.7/dist-packages/rospy/topics.py", line 750, in _invoke_callback
    cb(msg)
  File "./src/jetson_camera/src/camera_processor_node.py", line 77, in image_cb
    self.publisher.publish(msg)
AttributeError: CameraProcessorNode instance has no attribute 'publisher'

[rosout][ERROR] 2025-05-07 13:01:15,594: bad callback: <bound method CameraProcessorNode.image_cb of <__main__.CameraProcessorNode instance at 0x7fe875e7c960>>
Traceback (most recent call last):
  File "/opt/ros/melodic/lib/python2.7/dist-packages/rospy/topics.py", line 750, in _invoke_callback
    cb(msg)
  File "./src/jetson_camera/src/camera_processor_node.py", line 77, in image_cb
    self.publisher.publish(msg)
AttributeError: CameraProcessorNode instance has no attribute 'publisher'

[rosout][ERROR] 2025-05-07 13:01:15,626: bad callback: <bound method CameraProcessorNode.image_cb of <__main__.CameraProcessorNode instance at 0x7fe875e7c960>>
Traceback (most recent call last):
  File "/opt/ros/melodic/lib/python2.7/dist-packages/rospy/topics.py", line 750, in _invoke_callback
    cb(msg)
  File "./src/jetson_camera/src/camera_processor_node.py", line 77, in image_cb
    self.publisher.publish(msg)
AttributeError: CameraProcessorNode instance has no attribute 'publisher'

[rosout][ERROR] 2025-05-07 13:01:15,682: bad callback: <bound method CameraProcessorNode.image_cb of <__main__.CameraProcessorNode instance at 0x7fe875e7c960>>
Traceback (most recent call last):
  File "/opt/ros/melodic/lib/python2.7/dist-packages/rospy/topics.py", line 750, in _invoke_callback
    cb(msg)
  File "./src/jetson_camera/src/camera_processor_node.py", line 77, in image_cb
    self.publisher.publish(msg)
AttributeError: CameraProcessorNode instance has no attribute 'publisher'

[rosout][ERROR] 2025-05-07 13:01:15,758: bad callback: <bound method CameraProcessorNode.image_cb of <__main__.CameraProcessorNode instance at 0x7fe875e7c960>>
Traceback (most recent call last):
  File "/opt/ros/melodic/lib/python2.7/dist-packages/rospy/topics.py", line 750, in _invoke_callback
    cb(msg)
  File "./src/jetson_camera/src/camera_processor_node.py", line 77, in image_cb
    self.publisher.publish(msg)
AttributeError: CameraProcessorNode instance has no attribute 'publisher'

[rosout][ERROR] 2025-05-07 13:01:15,790: bad callback: <bound method CameraProcessorNode.image_cb of <__main__.CameraProcessorNode instance at 0x7fe875e7c960>>
Traceback (most recent call last):
  File "/opt/ros/melodic/lib/python2.7/dist-packages/rospy/topics.py", line 750, in _invoke_callback
    cb(msg)
  File "./src/jetson_camera/src/camera_processor_node.py", line 77, in image_cb
    self.publisher.publish(msg)
AttributeError: CameraProcessorNode instance has no attribute 'publisher'

[rosout][ERROR] 2025-05-07 13:01:15,826: bad callback: <bound method CameraProcessorNode.image_cb of <__main__.CameraProcessorNode instance at 0x7fe875e7c960>>
Traceback (most recent call last):
  File "/opt/ros/melodic/lib/python2.7/dist-packages/rospy/topics.py", line 750, in _invoke_callback
    cb(msg)
  File "./src/jetson_camera/src/camera_processor_node.py", line 77, in image_cb
    self.publisher.publish(msg)
AttributeError: CameraProcessorNode instance has no attribute 'publisher'

[rosout][ERROR] 2025-05-07 13:01:15,875: bad callback: <bound method CameraProcessorNode.image_cb of <__main__.CameraProcessorNode instance at 0x7fe875e7c960>>
Traceback (most recent call last):
  File "/opt/ros/melodic/lib/python2.7/dist-packages/rospy/topics.py", line 750, in _invoke_callback
    cb(msg)
  File "./src/jetson_camera/src/camera_processor_node.py", line 77, in image_cb
    self.publisher.publish(msg)
AttributeError: CameraProcessorNode instance has no attribute 'publisher'

[rosout][ERROR] 2025-05-07 13:01:15,918: bad callback: <bound method CameraProcessorNode.image_cb of <__main__.CameraProcessorNode instance at 0x7fe875e7c960>>
Traceback (most recent call last):
  File "/opt/ros/melodic/lib/python2.7/dist-packages/rospy/topics.py", line 750, in _invoke_callback
    cb(msg)
  File "./src/jetson_camera/src/camera_processor_node.py", line 77, in image_cb
    self.publisher.publish(msg)
AttributeError: CameraProcessorNode instance has no attribute 'publisher'

[rosout][ERROR] 2025-05-07 13:01:15,972: bad callback: <bound method CameraProcessorNode.image_cb of <__main__.CameraProcessorNode instance at 0x7fe875e7c960>>
Traceback (most recent call last):
  File "/opt/ros/melodic/lib/python2.7/dist-packages/rospy/topics.py", line 750, in _invoke_callback
    cb(msg)
  File "./src/jetson_camera/src/camera_processor_node.py", line 77, in image_cb
    self.publisher.publish(msg)
AttributeError: CameraProcessorNode instance has no attribute 'publisher'

[rosout][ERROR] 2025-05-07 13:01:16,047: bad callback: <bound method CameraProcessorNode.image_cb of <__main__.CameraProcessorNode instance at 0x7fe875e7c960>>
Traceback (most recent call last):
  File "/opt/ros/melodic/lib/python2.7/dist-packages/rospy/topics.py", line 750, in _invoke_callback
    cb(msg)
  File "./src/jetson_camera/src/camera_processor_node.py", line 77, in image_cb
    self.publisher.publish(msg)
AttributeError: CameraProcessorNode instance has no attribute 'publisher'

[rosout][ERROR] 2025-05-07 13:01:16,109: bad callback: <bound method CameraProcessorNode.image_cb of <__main__.CameraProcessorNode instance at 0x7fe875e7c960>>
Traceback (most recent call last):
  File "/opt/ros/melodic/lib/python2.7/dist-packages/rospy/topics.py", line 750, in _invoke_callback
    cb(msg)
  File "./src/jetson_camera/src/camera_processor_node.py", line 77, in image_cb
    self.publisher.publish(msg)
AttributeError: CameraProcessorNode instance has no attribute 'publisher'

[rosout][ERROR] 2025-05-07 13:01:16,195: bad callback: <bound method CameraProcessorNode.image_cb of <__main__.CameraProcessorNode instance at 0x7fe875e7c960>>
Traceback (most recent call last):
  File "/opt/ros/melodic/lib/python2.7/dist-packages/rospy/topics.py", line 750, in _invoke_callback
    cb(msg)
  File "./src/jetson_camera/src/camera_processor_node.py", line 77, in image_cb
    self.publisher.publish(msg)
AttributeError: CameraProcessorNode instance has no attribute 'publisher'

[rosout][ERROR] 2025-05-07 13:01:16,260: bad callback: <bound method CameraProcessorNode.image_cb of <__main__.CameraProcessorNode instance at 0x7fe875e7c960>>
Traceback (most recent call last):
  File "/opt/ros/melodic/lib/python2.7/dist-packages/rospy/topics.py", line 750, in _invoke_callback
    cb(msg)
  File "./src/jetson_camera/src/camera_processor_node.py", line 77, in image_cb
    self.publisher.publish(msg)
AttributeError: CameraProcessorNode instance has no attribute 'publisher'

[rosout][ERROR] 2025-05-07 13:01:16,311: bad callback: <bound method CameraProcessorNode.image_cb of <__main__.CameraProcessorNode instance at 0x7fe875e7c960>>
Traceback (most recent call last):
  File "/opt/ros/melodic/lib/python2.7/dist-packages/rospy/topics.py", line 750, in _invoke_callback
    cb(msg)
  File "./src/jetson_camera/src/camera_processor_node.py", line 77, in image_cb
    self.publisher.publish(msg)
AttributeError: CameraProcessorNode instance has no attribute 'publisher'

[rosout][ERROR] 2025-05-07 13:01:16,419: bad callback: <bound method CameraProcessorNode.image_cb of <__main__.CameraProcessorNode instance at 0x7fe875e7c960>>
Traceback (most recent call last):
  File "/opt/ros/melodic/lib/python2.7/dist-packages/rospy/topics.py", line 750, in _invoke_callback
    cb(msg)
  File "./src/jetson_camera/src/camera_processor_node.py", line 77, in image_cb
    self.publisher.publish(msg)
AttributeError: CameraProcessorNode instance has no attribute 'publisher'

[rosout][ERROR] 2025-05-07 13:01:16,516: bad callback: <bound method CameraProcessorNode.image_cb of <__main__.CameraProcessorNode instance at 0x7fe875e7c960>>
Traceback (most recent call last):
  File "/opt/ros/melodic/lib/python2.7/dist-packages/rospy/topics.py", line 750, in _invoke_callback
    cb(msg)
  File "./src/jetson_camera/src/camera_processor_node.py", line 77, in image_cb
    self.publisher.publish(msg)
AttributeError: CameraProcessorNode instance has no attribute 'publisher'

[rosout][ERROR] 2025-05-07 13:01:16,712: bad callback: <bound method CameraProcessorNode.image_cb of <__main__.CameraProcessorNode instance at 0x7fe875e7c960>>
Traceback (most recent call last):
  File "/opt/ros/melodic/lib/python2.7/dist-packages/rospy/topics.py", line 750, in _invoke_callback
    cb(msg)
  File "./src/jetson_camera/src/camera_processor_node.py", line 77, in image_cb
    self.publisher.publish(msg)
AttributeError: CameraProcessorNode instance has no attribute 'publisher'

[rosout][ERROR] 2025-05-07 13:01:16,837: bad callback: <bound method CameraProcessorNode.image_cb of <__main__.CameraProcessorNode instance at 0x7fe875e7c960>>
Traceback (most recent call last):
  File "/opt/ros/melodic/lib/python2.7/dist-packages/rospy/topics.py", line 750, in _invoke_callback
    cb(msg)
  File "./src/jetson_camera/src/camera_processor_node.py", line 77, in image_cb
    self.publisher.publish(msg)
AttributeError: CameraProcessorNode instance has no attribute 'publisher'

[rospy.core][INFO] 2025-05-07 13:01:17,032: signal_shutdown [signal-2]
[rosout][ERROR] 2025-05-07 13:01:16,962: bad callback: <bound method CameraProcessorNode.image_cb of <__main__.CameraProcessorNode instance at 0x7fe875e7c960>>
Traceback (most recent call last):
  File "/opt/ros/melodic/lib/python2.7/dist-packages/rospy/topics.py", line 750, in _invoke_callback
    cb(msg)
  File "./src/jetson_camera/src/camera_processor_node.py", line 77, in image_cb
    self.publisher.publish(msg)
AttributeError: CameraProcessorNode instance has no attribute 'publisher'

[rospy.internal][INFO] 2025-05-07 13:01:17,245: topic[/camera/image_raw] removing connection to http://192.168.8.179:41431/
[rospy.impl.masterslave][INFO] 2025-05-07 13:01:17,246: signal-2
[rosout][ERROR] 2025-05-07 13:01:17,094: bad callback: <bound method CameraProcessorNode.image_cb of <__main__.CameraProcessorNode instance at 0x7fe875e7c960>>
Traceback (most recent call last):
  File "/opt/ros/melodic/lib/python2.7/dist-packages/rospy/topics.py", line 750, in _invoke_callback
    cb(msg)
  File "./src/jetson_camera/src/camera_processor_node.py", line 77, in image_cb
    self.publisher.publish(msg)
AttributeError: CameraProcessorNode instance has no attribute 'publisher'

[rospy.core][INFO] 2025-05-07 13:01:17,610: signal_shutdown [signal-2]
[rospy.core][INFO] 2025-05-07 13:01:17,611: signal_shutdown [atexit]
